[2021-04-15  22:32:37] INFO main/main.c Icecast 2.4.1 server started
[2021-04-15  22:32:37] INFO yp/yp.c YP update thread started
[2021-04-15  22:32:38] INFO connection/connection.c No SSL capability on any configured ports
[2021-04-15  23:05:10] INFO main/main.c Icecast 2.4.4 server started
[2021-04-15  23:05:10] INFO stats/stats.c stats thread started
[2021-04-15  23:05:10] INFO yp/yp.c YP update thread started
[2021-04-15  23:05:11] INFO connection/connection.c No SSL capability on any configured ports
[2021-04-15  23:31:40] INFO main/main.c Icecast 2.4.4 server started
[2021-04-15  23:31:40] INFO stats/stats.c stats thread started
[2021-04-15  23:31:40] INFO yp/yp.c YP update thread started
[2021-04-15  23:31:41] INFO connection/connection.c No SSL capability on any configured ports
[2021-04-15  23:31:45] INFO fserve/fserve.c checking for file /style.css (./web/style.css)
[2021-04-15  23:31:46] INFO fserve/fserve.c checking for file /icecast.png (./web/icecast.png)
[2021-04-15  23:31:46] INFO fserve/fserve.c checking for file /favicon.ico (./web/favicon.ico)
[2021-04-15  23:31:49] INFO admin/admin.c Bad or missing password on admin command request (command: )
[2021-04-15  23:31:56] INFO fserve/fserve.c checking for file /style.css (./web/style.css)
[2021-04-15  23:31:57] INFO fserve/fserve.c checking for file /favicon.ico (./web/favicon.ico)
[2021-04-15  23:32:09] INFO fserve/fserve.c checking for file /style.css (./web/style.css)
[2021-04-15  23:32:10] INFO fserve/fserve.c checking for file /favicon.ico (./web/favicon.ico)
[2021-04-16  11:19:32] INFO main/main.c Icecast 2.4.4 server started
[2021-04-16  11:19:32] INFO yp/yp.c YP update thread started
[2021-04-16  11:19:33] INFO connection/connection.c No SSL capability on any configured ports
[2021-04-16  11:20:05] INFO main/main.c Icecast 2.4.4 server started
[2021-04-16  11:20:05] INFO yp/yp.c YP update thread started
[2021-04-16  11:20:06] INFO connection/connection.c No SSL capability on any configured ports
[2021-04-16  11:20:07] INFO slave/slave.c Starting relayed source at mountpoint "/autodj"
[2021-04-16  11:20:07] INFO slave/slave.c connecting to stream.zeno.fm:80
[2021-04-16  11:20:12] INFO slave/slave.c redirect received http://node-26.zeno.fm/n27w40wry7zuv?rj-ttl=5&rj-tok=AAABeNi7UloA4NMnOHiBDxK4Ww
[2021-04-16  11:20:12] INFO slave/slave.c connecting to node-26.zeno.fm:80
[2021-04-16  11:20:13] WARN format/format.c Unsupported or legacy stream type: "audio/aac". Falling back to generic minimal handler for best effort.
[2021-04-16  11:20:13] WARN stats/stats.c No charset found for "ISO8859-1"
[2021-04-16  11:20:14] WARN stats/stats.c No charset found for "ISO8859-1"
[2021-04-16  11:20:14] WARN stats/stats.c No charset found for "ISO8859-1"
[2021-04-16  11:20:14] INFO source/source.c listener count on /autodj now 0
[2021-04-16  11:20:16] WARN stats/stats.c No charset found for "ISO8859-1"
[2021-04-16  11:20:18] INFO fserve/fserve.c checking for file /style.css (./web/style.css)
[2021-04-16  11:20:19] INFO fserve/fserve.c checking for file /tunein.png (./web/tunein.png)
[2021-04-16  11:20:19] INFO fserve/fserve.c checking for file /icecast.png (./web/icecast.png)
[2021-04-16  11:20:19] INFO fserve/fserve.c checking for file /favicon.ico (./web/favicon.ico)
[2021-04-16  11:21:32] WARN stats/stats.c No charset found for "ISO8859-1"
[2021-04-17  01:11:53] INFO main/main.c Icecast 2.4.4 server started
[2021-04-17  01:11:53] INFO stats/stats.c stats thread started
[2021-04-17  01:11:53] INFO yp/yp.c YP update thread started
[2021-04-17  01:11:54] INFO connection/connection.c No SSL capability on any configured ports
[2021-04-17  01:11:56] INFO slave/slave.c Master accepted streamlist request
[2021-04-17  01:12:16] INFO fserve/fserve.c checking for file /style.css (./web/style.css)
[2021-04-17  01:12:17] INFO fserve/fserve.c checking for file /icecast.png (./web/icecast.png)
[2021-04-17  01:12:17] INFO fserve/fserve.c checking for file /favicon.ico (./web/favicon.ico)
[2021-04-17  01:15:14] INFO main/main.c Icecast 2.4.4 server started
[2021-04-17  01:15:14] INFO yp/yp.c YP update thread started
[2021-04-17  01:15:15] INFO connection/connection.c No SSL capability on any configured ports
[2021-04-17  01:15:16] INFO slave/slave.c Master accepted streamlist request
[2021-04-17  01:15:17] INFO fserve/fserve.c checking for file /style.css (./web/style.css)
[2021-04-17  01:15:17] INFO fserve/fserve.c checking for file /icecast.png (./web/icecast.png)
[2021-04-17  01:15:17] INFO fserve/fserve.c checking for file /favicon.ico (./web/favicon.ico)
[2021-04-17  01:16:08] INFO main/main.c Icecast 2.4.4 server started
[2021-04-17  01:16:08] INFO yp/yp.c YP update thread started
[2021-04-17  01:16:08] INFO connection/connection.c No SSL capability on any configured ports
[2021-04-17  01:16:09] INFO slave/slave.c Master accepted streamlist request
[2021-04-17  01:16:22] INFO fserve/fserve.c checking for file /style.css (./web/style.css)
[2021-04-17  01:16:23] INFO fserve/fserve.c checking for file /icecast.png (./web/icecast.png)
[2021-04-17  01:16:23] INFO fserve/fserve.c checking for file /favicon.ico (./web/favicon.ico)
[2021-04-18  10:26:53] INFO main/main.c Icecast 2.4.4 server started
[2021-04-18  10:26:53] INFO yp/yp.c YP update thread started
[2021-04-18  10:26:54] INFO connection/connection.c No SSL capability on any configured ports
[2021-04-18  10:26:56] INFO slave/slave.c Master accepted streamlist request
[2021-04-18  10:27:16] INFO fserve/fserve.c checking for file /style.css (./web/style.css)
[2021-04-18  10:27:16] INFO fserve/fserve.c checking for file /icecast.png (./web/icecast.png)
[2021-04-18  10:27:17] INFO fserve/fserve.c checking for file /favicon.ico (./web/favicon.ico)
[2021-06-30  12:33:57] INFO main/main.c Icecast 2.4.4 server started
[2021-06-30  12:33:57] INFO yp/yp.c YP update thread started
[2021-06-30  12:33:58] INFO connection/connection.c No SSL capability on any configured ports
[2021-06-30  12:33:59] INFO slave/slave.c Master accepted streamlist request
[2021-06-30  12:35:09] INFO main/main.c Icecast 2.4.4 server started
[2021-06-30  12:35:09] INFO yp/yp.c YP update thread started
[2021-06-30  12:35:10] INFO connection/connection.c No SSL capability on any configured ports
[2021-06-30  12:35:11] INFO slave/slave.c Master accepted streamlist request
[2021-06-30  12:35:29] INFO fserve/fserve.c checking for file /style.css (./web/style.css)
[2021-06-30  12:35:29] INFO fserve/fserve.c checking for file /icecast.png (./web/icecast.png)
[2021-06-30  12:35:29] INFO fserve/fserve.c checking for file /favicon.ico (./web/favicon.ico)
[2021-06-30  12:36:27] INFO main/main.c Icecast 2.4.4 server started
[2021-06-30  12:36:27] INFO yp/yp.c YP update thread started
[2021-06-30  12:36:28] INFO connection/connection.c No SSL capability on any configured ports
[2021-06-30  12:36:29] INFO slave/slave.c Master accepted streamlist request
[2021-06-30  12:36:33] INFO main/main.c Icecast 2.4.4 server started
[2021-06-30  12:36:33] INFO yp/yp.c YP update thread started
[2021-06-30  12:36:33] INFO connection/connection.c No SSL capability on any configured ports
[2021-06-30  12:36:34] INFO slave/slave.c Master accepted streamlist request
[2021-06-30  12:36:36] INFO fserve/fserve.c checking for file /style.css (./web/style.css)
[2021-06-30  12:36:36] INFO fserve/fserve.c checking for file /icecast.png (./web/icecast.png)
[2021-06-30  12:36:37] INFO fserve/fserve.c checking for file /favicon.ico (./web/favicon.ico)
[2021-06-30  12:37:50] INFO main/main.c Icecast 2.4.4 server started
[2021-06-30  12:37:50] INFO stats/stats.c stats thread started
[2021-06-30  12:37:50] INFO yp/yp.c YP update thread started
[2021-06-30  12:37:51] INFO connection/connection.c No SSL capability on any configured ports
[2021-06-30  12:37:52] INFO slave/slave.c Master accepted streamlist request
[2021-06-30  12:38:02] INFO fserve/fserve.c checking for file /style.css (./web/style.css)
[2021-06-30  12:38:02] INFO fserve/fserve.c checking for file /icecast.png (./web/icecast.png)
[2021-06-30  12:38:02] INFO fserve/fserve.c checking for file /favicon.ico (./web/favicon.ico)
[2021-06-30  12:39:08] INFO main/main.c Icecast 2.4.4 server started
[2021-06-30  12:39:08] INFO stats/stats.c stats thread started
[2021-06-30  12:39:08] INFO yp/yp.c YP update thread started
[2021-06-30  12:39:09] INFO connection/connection.c No SSL capability on any configured ports
[2021-06-30  12:39:10] INFO slave/slave.c Master accepted streamlist request
[2021-06-30  12:40:02] INFO main/main.c Icecast 2.4.4 server started
[2021-06-30  12:40:02] INFO yp/yp.c YP update thread started
[2021-06-30  12:40:03] INFO connection/connection.c No SSL capability on any configured ports
[2021-06-30  12:40:04] INFO slave/slave.c Master accepted streamlist request
[2021-06-30  12:40:45] INFO main/main.c Icecast 2.4.4 server started
[2021-06-30  12:40:45] INFO yp/yp.c YP update thread started
[2021-06-30  12:40:46] INFO connection/connection.c No SSL capability on any configured ports
[2021-06-30  12:40:47] INFO slave/slave.c Master accepted streamlist request
[2021-06-30  12:40:50] INFO fserve/fserve.c checking for file /style.css (./web/style.css)
[2021-06-30  12:40:50] INFO fserve/fserve.c checking for file /icecast.png (./web/icecast.png)
[2021-06-30  12:40:50] INFO fserve/fserve.c checking for file /favicon.ico (./web/favicon.ico)
[2021-06-30  12:41:49] INFO main/main.c Icecast 2.4.4 server started
[2021-06-30  12:41:49] INFO stats/stats.c stats thread started
[2021-06-30  12:41:49] INFO yp/yp.c YP update thread started
[2021-06-30  12:41:50] INFO connection/connection.c No SSL capability on any configured ports
[2021-06-30  12:41:51] INFO slave/slave.c Master accepted streamlist request
[2021-06-30  12:41:53] INFO fserve/fserve.c checking for file /style.css (./web/style.css)
[2021-06-30  12:41:54] INFO fserve/fserve.c checking for file /icecast.png (./web/icecast.png)
[2021-06-30  12:41:54] INFO fserve/fserve.c checking for file /favicon.ico (./web/favicon.ico)
[2021-08-02  16:50:53] INFO main/main.c Icecast 2.4.4 server started
[2021-08-02  16:50:53] INFO yp/yp.c YP update thread started
[2021-08-02  16:50:54] INFO connection/connection.c No SSL capability on any configured ports
[2021-08-02  16:50:55] INFO slave/slave.c Master accepted streamlist request
[2021-08-02  16:53:06] INFO connection/connection.c Source logging in at mountpoint "/stream.mp3" from 127.0.0.1
[2021-08-02  16:53:06] WARN format/format.c Unsupported or legacy stream type: "audio/mpeg". Falling back to generic minimal handler for best effort.
[2021-08-02  16:53:06] WARN stats/stats.c No charset found for "ISO8859-1"
[2021-08-02  16:53:06] WARN stats/stats.c No charset found for "ISO8859-1"
[2021-08-02  16:53:06] WARN stats/stats.c No charset found for "ISO8859-1"
[2021-08-02  16:53:06] INFO source/source.c listener count on /stream.mp3 now 0
[2021-08-02  16:53:07] INFO admin/admin.c Received admin command metadata on mount "/stream.mp3"
[2021-08-02  16:53:07] INFO admin/admin.c Metadata on mountpoint /stream.mp3 changed to "undefined"
[2021-08-02  16:53:07] WARN stats/stats.c No charset found for "ISO8859-1"
[2021-08-02  16:53:14] INFO admin/admin.c Received admin command listclients on mount "/stream.mp3"
[2021-08-02  16:53:24] INFO admin/admin.c Received admin command listclients on mount "/stream.mp3"
[2021-08-02  16:53:34] INFO admin/admin.c Received admin command listclients on mount "/stream.mp3"
[2021-08-02  16:53:44] INFO admin/admin.c Received admin command listclients on mount "/stream.mp3"
[2021-08-02  16:53:50] INFO source/source.c listener count on /stream.mp3 now 1
[2021-08-02  16:53:51] INFO source/source.c listener count on /stream.mp3 now 0
[2021-08-02  16:53:53] INFO source/source.c listener count on /stream.mp3 now 1
[2021-08-02  16:53:54] INFO admin/admin.c Received admin command listclients on mount "/stream.mp3"
[2021-08-02  16:54:04] INFO admin/admin.c Received admin command listclients on mount "/stream.mp3"
[2021-08-02  16:54:11] INFO admin/admin.c Received admin command metadata on mount "/stream.mp3"
[2021-08-02  16:54:11] INFO admin/admin.c Metadata on mountpoint /stream.mp3 changed to ""
[2021-08-02  16:54:11] WARN stats/stats.c No charset found for "ISO8859-1"
[2021-08-02  16:54:11] INFO source/source.c End of Stream /stream.mp3
[2021-08-02  16:54:11] INFO source/source.c Source from 127.0.0.1 at "/stream.mp3" exiting
[2021-08-02  16:54:11] INFO source/source.c 1 active listeners on /stream.mp3 released
[2021-08-02  16:54:12] INFO connection/connection.c Source logging in at mountpoint "/stream.mp3" from 127.0.0.1
[2021-08-02  16:54:12] WARN format/format.c Unsupported or legacy stream type: "audio/mpeg". Falling back to generic minimal handler for best effort.
[2021-08-02  16:54:12] WARN stats/stats.c No charset found for "ISO8859-1"
[2021-08-02  16:54:12] WARN stats/stats.c No charset found for "ISO8859-1"
[2021-08-02  16:54:12] WARN stats/stats.c No charset found for "ISO8859-1"
[2021-08-02  16:54:12] INFO source/source.c listener count on /stream.mp3 now 0
[2021-08-02  16:54:13] INFO source/source.c listener count on /stream.mp3 now 1
[2021-08-02  16:54:14] INFO admin/admin.c Received admin command listclients on mount "/stream.mp3"
[2021-08-02  16:54:14] INFO source/source.c listener count on /stream.mp3 now 0
[2021-08-02  16:54:16] INFO source/source.c listener count on /stream.mp3 now 1
[2021-08-02  16:54:17] INFO source/source.c listener count on /stream.mp3 now 0
[2021-08-02  16:54:19] INFO source/source.c listener count on /stream.mp3 now 1
[2021-08-02  16:54:24] INFO admin/admin.c Received admin command listclients on mount "/stream.mp3"
[2021-08-02  16:54:34] INFO admin/admin.c Received admin command listclients on mount "/stream.mp3"
[2021-08-02  16:54:44] INFO admin/admin.c Received admin command listclients on mount "/stream.mp3"
[2021-08-02  16:54:46] INFO source/source.c End of Stream /stream.mp3
[2021-08-02  16:54:46] INFO source/source.c Source from 127.0.0.1 at "/stream.mp3" exiting
[2021-08-02  16:54:46] INFO source/source.c 1 active listeners on /stream.mp3 released
[2021-08-02  16:54:46] INFO connection/connection.c Source logging in at mountpoint "/stream.mp3" from 127.0.0.1
[2021-08-02  16:54:46] WARN format/format.c Unsupported or legacy stream type: "audio/mpeg". Falling back to generic minimal handler for best effort.
[2021-08-02  16:54:46] WARN stats/stats.c No charset found for "ISO8859-1"
[2021-08-02  16:54:46] WARN stats/stats.c No charset found for "ISO8859-1"
[2021-08-02  16:54:46] WARN stats/stats.c No charset found for "ISO8859-1"
[2021-08-02  16:54:46] INFO source/source.c listener count on /stream.mp3 now 0
[2021-08-02  16:54:48] INFO source/source.c listener count on /stream.mp3 now 1
[2021-08-02  16:54:48] INFO source/source.c listener count on /stream.mp3 now 0
[2021-08-02  16:54:50] INFO source/source.c listener count on /stream.mp3 now 1
[2021-08-02  16:54:51] INFO source/source.c listener count on /stream.mp3 now 0
[2021-08-02  16:54:53] INFO source/source.c listener count on /stream.mp3 now 1
[2021-08-02  16:54:54] INFO admin/admin.c Received admin command listclients on mount "/stream.mp3"
[2021-08-02  16:55:04] INFO admin/admin.c Received admin command listclients on mount "/stream.mp3"
[2021-08-02  16:55:14] INFO admin/admin.c Received admin command listclients on mount "/stream.mp3"
[2021-08-02  16:55:24] INFO admin/admin.c Received admin command listclients on mount "/stream.mp3"
[2021-08-02  16:55:34] INFO admin/admin.c Received admin command listclients on mount "/stream.mp3"
[2021-08-02  16:55:44] INFO admin/admin.c Received admin command listclients on mount "/stream.mp3"
[2021-08-02  16:55:54] INFO admin/admin.c Received admin command listclients on mount "/stream.mp3"
[2021-08-02  16:56:04] INFO admin/admin.c Received admin command listclients on mount "/stream.mp3"
[2021-08-02  16:56:14] INFO admin/admin.c Received admin command listclients on mount "/stream.mp3"
[2021-08-02  16:56:24] INFO admin/admin.c Received admin command listclients on mount "/stream.mp3"
[2021-08-02  16:56:34] INFO admin/admin.c Received admin command listclients on mount "/stream.mp3"
[2021-08-02  16:56:44] INFO admin/admin.c Received admin command listclients on mount "/stream.mp3"
[2021-08-02  16:56:47] INFO source/source.c End of Stream /stream.mp3
[2021-08-02  16:56:47] INFO source/source.c Source from 127.0.0.1 at "/stream.mp3" exiting
[2021-08-02  16:56:47] INFO source/source.c 1 active listeners on /stream.mp3 released
[2021-08-02  16:56:47] INFO connection/connection.c Source logging in at mountpoint "/stream.mp3" from 127.0.0.1
[2021-08-02  16:56:47] WARN format/format.c Unsupported or legacy stream type: "audio/mpeg". Falling back to generic minimal handler for best effort.
[2021-08-02  16:56:47] WARN stats/stats.c No charset found for "ISO8859-1"
[2021-08-02  16:56:47] WARN stats/stats.c No charset found for "ISO8859-1"
[2021-08-02  16:56:47] WARN stats/stats.c No charset found for "ISO8859-1"
[2021-08-02  16:56:48] INFO source/source.c listener count on /stream.mp3 now 0
[2021-08-02  16:56:49] INFO source/source.c listener count on /stream.mp3 now 1
[2021-08-02  16:56:50] INFO source/source.c listener count on /stream.mp3 now 0
[2021-08-02  16:56:51] INFO source/source.c listener count on /stream.mp3 now 1
[2021-08-02  16:56:52] INFO source/source.c listener count on /stream.mp3 now 0
[2021-08-02  16:56:54] INFO source/source.c listener count on /stream.mp3 now 1
[2021-08-02  16:56:55] INFO admin/admin.c Received admin command listclients on mount "/stream.mp3"
[2021-08-02  16:57:05] INFO admin/admin.c Received admin command listclients on mount "/stream.mp3"
[2021-08-02  16:57:15] INFO admin/admin.c Received admin command listclients on mount "/stream.mp3"
[2021-08-02  16:57:25] INFO admin/admin.c Received admin command listclients on mount "/stream.mp3"
[2021-08-02  16:57:35] INFO admin/admin.c Received admin command listclients on mount "/stream.mp3"
[2021-08-02  16:57:45] INFO admin/admin.c Received admin command listclients on mount "/stream.mp3"
[2021-08-02  16:57:55] INFO admin/admin.c Received admin command listclients on mount "/stream.mp3"
[2021-08-02  16:58:05] INFO admin/admin.c Received admin command listclients on mount "/stream.mp3"
[2021-08-02  16:58:15] INFO admin/admin.c Received admin command listclients on mount "/stream.mp3"
[2021-08-02  16:58:25] INFO admin/admin.c Received admin command listclients on mount "/stream.mp3"
[2021-08-02  16:58:35] INFO admin/admin.c Received admin command listclients on mount "/stream.mp3"
[2021-08-02  16:58:45] INFO admin/admin.c Received admin command listclients on mount "/stream.mp3"
[2021-08-02  16:58:55] INFO admin/admin.c Received admin command listclients on mount "/stream.mp3"
[2021-08-02  16:59:05] INFO admin/admin.c Received admin command listclients on mount "/stream.mp3"
[2021-08-02  16:59:15] INFO admin/admin.c Received admin command listclients on mount "/stream.mp3"
[2021-08-02  16:59:25] INFO admin/admin.c Received admin command listclients on mount "/stream.mp3"
[2021-08-02  16:59:35] INFO admin/admin.c Received admin command listclients on mount "/stream.mp3"
[2021-08-02  16:59:45] INFO admin/admin.c Received admin command listclients on mount "/stream.mp3"
[2021-08-02  16:59:55] INFO admin/admin.c Received admin command listclients on mount "/stream.mp3"
[2021-08-02  17:00:05] INFO admin/admin.c Received admin command listclients on mount "/stream.mp3"
[2021-08-02  17:00:15] INFO admin/admin.c Received admin command listclients on mount "/stream.mp3"
[2021-08-02  17:00:25] INFO admin/admin.c Received admin command listclients on mount "/stream.mp3"
[2021-08-02  17:00:35] INFO admin/admin.c Received admin command listclients on mount "/stream.mp3"
[2021-08-02  17:00:45] INFO admin/admin.c Received admin command listclients on mount "/stream.mp3"
[2021-08-02  17:00:55] INFO admin/admin.c Received admin command listclients on mount "/stream.mp3"
[2021-08-02  17:01:05] INFO admin/admin.c Received admin command listclients on mount "/stream.mp3"
[2021-08-02  17:01:15] INFO admin/admin.c Received admin command listclients on mount "/stream.mp3"
[2021-08-02  17:01:25] INFO admin/admin.c Received admin command listclients on mount "/stream.mp3"
[2021-08-02  17:01:35] INFO admin/admin.c Received admin command listclients on mount "/stream.mp3"
[2021-08-02  17:01:45] INFO admin/admin.c Received admin command listclients on mount "/stream.mp3"
[2021-08-02  17:01:55] INFO admin/admin.c Received admin command listclients on mount "/stream.mp3"
[2021-08-02  17:02:05] INFO admin/admin.c Received admin command listclients on mount "/stream.mp3"
[2021-08-02  17:02:15] INFO admin/admin.c Received admin command listclients on mount "/stream.mp3"
[2021-08-02  17:02:25] INFO admin/admin.c Received admin command listclients on mount "/stream.mp3"
[2021-08-02  17:02:35] INFO admin/admin.c Received admin command listclients on mount "/stream.mp3"
[2021-08-02  17:02:45] INFO admin/admin.c Received admin command listclients on mount "/stream.mp3"
[2021-08-02  17:02:55] INFO admin/admin.c Received admin command listclients on mount "/stream.mp3"
[2021-08-02  17:03:05] INFO admin/admin.c Received admin command listclients on mount "/stream.mp3"
[2021-08-02  17:03:15] INFO admin/admin.c Received admin command listclients on mount "/stream.mp3"
[2021-08-02  17:03:25] INFO admin/admin.c Received admin command listclients on mount "/stream.mp3"
[2021-08-02  17:03:35] INFO admin/admin.c Received admin command listclients on mount "/stream.mp3"
[2021-08-02  17:03:45] INFO admin/admin.c Received admin command listclients on mount "/stream.mp3"
[2021-08-02  17:03:55] INFO admin/admin.c Received admin command listclients on mount "/stream.mp3"
[2021-08-02  17:04:05] INFO admin/admin.c Received admin command listclients on mount "/stream.mp3"
[2021-08-02  17:04:15] INFO admin/admin.c Received admin command listclients on mount "/stream.mp3"
[2021-08-02  17:04:25] INFO admin/admin.c Received admin command listclients on mount "/stream.mp3"
[2021-08-02  17:04:35] INFO admin/admin.c Received admin command listclients on mount "/stream.mp3"
[2021-08-02  17:04:45] INFO admin/admin.c Received admin command listclients on mount "/stream.mp3"
[2021-08-02  17:04:55] INFO admin/admin.c Received admin command listclients on mount "/stream.mp3"
[2021-08-02  17:05:05] INFO admin/admin.c Received admin command listclients on mount "/stream.mp3"
[2021-08-02  17:05:15] INFO admin/admin.c Received admin command listclients on mount "/stream.mp3"
[2021-08-02  17:05:25] INFO admin/admin.c Received admin command listclients on mount "/stream.mp3"
[2021-08-02  17:05:35] INFO admin/admin.c Received admin command listclients on mount "/stream.mp3"
[2021-08-02  17:05:45] INFO admin/admin.c Received admin command listclients on mount "/stream.mp3"
[2021-08-02  17:05:55] INFO admin/admin.c Received admin command listclients on mount "/stream.mp3"
[2021-08-02  17:06:05] INFO admin/admin.c Received admin command listclients on mount "/stream.mp3"
[2021-08-02  17:06:15] INFO admin/admin.c Received admin command listclients on mount "/stream.mp3"
[2021-08-02  17:06:25] INFO admin/admin.c Received admin command listclients on mount "/stream.mp3"
[2021-08-02  17:06:35] INFO admin/admin.c Received admin command listclients on mount "/stream.mp3"
[2021-08-02  17:06:45] INFO admin/admin.c Received admin command listclients on mount "/stream.mp3"
[2021-08-02  17:06:55] INFO admin/admin.c Received admin command listclients on mount "/stream.mp3"
[2021-08-02  17:07:05] INFO admin/admin.c Received admin command listclients on mount "/stream.mp3"
[2021-08-02  17:07:15] INFO admin/admin.c Received admin command listclients on mount "/stream.mp3"
[2021-08-02  17:07:25] INFO admin/admin.c Received admin command listclients on mount "/stream.mp3"
[2021-08-02  17:07:35] INFO admin/admin.c Received admin command listclients on mount "/stream.mp3"
[2021-08-02  17:07:45] INFO admin/admin.c Received admin command listclients on mount "/stream.mp3"
[2021-08-02  17:07:55] INFO admin/admin.c Received admin command listclients on mount "/stream.mp3"
[2021-08-02  17:08:05] INFO admin/admin.c Received admin command listclients on mount "/stream.mp3"
[2021-08-02  17:08:15] INFO admin/admin.c Received admin command listclients on mount "/stream.mp3"
[2021-08-02  17:08:25] INFO admin/admin.c Received admin command listclients on mount "/stream.mp3"
[2021-08-02  17:08:35] INFO admin/admin.c Received admin command listclients on mount "/stream.mp3"
[2021-08-02  17:08:45] INFO admin/admin.c Received admin command listclients on mount "/stream.mp3"
[2021-08-02  17:08:55] INFO admin/admin.c Received admin command listclients on mount "/stream.mp3"
[2021-08-02  17:09:05] INFO admin/admin.c Received admin command listclients on mount "/stream.mp3"
[2021-08-02  17:09:15] INFO admin/admin.c Received admin command listclients on mount "/stream.mp3"
[2021-08-02  17:09:25] INFO admin/admin.c Received admin command listclients on mount "/stream.mp3"
[2021-08-02  17:09:35] INFO admin/admin.c Received admin command listclients on mount "/stream.mp3"
[2021-08-02  17:09:45] INFO admin/admin.c Received admin command listclients on mount "/stream.mp3"
[2021-08-02  17:09:55] INFO admin/admin.c Received admin command listclients on mount "/stream.mp3"
[2021-08-02  17:10:05] INFO admin/admin.c Received admin command listclients on mount "/stream.mp3"
[2021-08-02  17:10:15] INFO admin/admin.c Received admin command listclients on mount "/stream.mp3"
[2021-08-02  17:10:25] INFO admin/admin.c Received admin command listclients on mount "/stream.mp3"
[2021-08-02  17:10:35] INFO admin/admin.c Received admin command listclients on mount "/stream.mp3"
[2021-08-02  17:10:45] INFO admin/admin.c Received admin command listclients on mount "/stream.mp3"
[2021-08-02  17:10:55] INFO admin/admin.c Received admin command listclients on mount "/stream.mp3"
[2021-08-02  17:11:05] INFO admin/admin.c Received admin command listclients on mount "/stream.mp3"
[2021-08-02  17:11:15] INFO admin/admin.c Received admin command listclients on mount "/stream.mp3"
[2021-08-02  17:11:25] INFO admin/admin.c Received admin command listclients on mount "/stream.mp3"
[2021-08-02  17:11:35] INFO admin/admin.c Received admin command listclients on mount "/stream.mp3"
[2021-08-02  17:11:45] INFO admin/admin.c Received admin command listclients on mount "/stream.mp3"
[2021-08-02  17:11:55] INFO admin/admin.c Received admin command listclients on mount "/stream.mp3"
[2021-08-02  17:12:05] INFO admin/admin.c Received admin command listclients on mount "/stream.mp3"
[2021-08-02  17:12:15] INFO admin/admin.c Received admin command listclients on mount "/stream.mp3"
[2021-08-02  17:12:25] INFO admin/admin.c Received admin command listclients on mount "/stream.mp3"
[2021-08-02  17:12:35] INFO admin/admin.c Received admin command listclients on mount "/stream.mp3"
[2021-08-02  17:12:45] INFO admin/admin.c Received admin command listclients on mount "/stream.mp3"
[2021-08-02  17:12:55] INFO admin/admin.c Received admin command listclients on mount "/stream.mp3"
[2021-08-02  17:13:05] INFO admin/admin.c Received admin command listclients on mount "/stream.mp3"
[2021-08-02  17:13:15] INFO admin/admin.c Received admin command listclients on mount "/stream.mp3"
[2021-08-02  17:13:26] INFO admin/admin.c Received admin command listclients on mount "/stream.mp3"
[2021-08-02  17:13:36] INFO admin/admin.c Received admin command listclients on mount "/stream.mp3"
[2021-08-02  17:13:46] INFO admin/admin.c Received admin command listclients on mount "/stream.mp3"
[2021-08-02  17:13:56] INFO admin/admin.c Received admin command listclients on mount "/stream.mp3"
[2021-08-02  17:14:06] INFO admin/admin.c Received admin command listclients on mount "/stream.mp3"
[2021-08-02  17:14:16] INFO admin/admin.c Received admin command listclients on mount "/stream.mp3"
[2021-08-02  17:14:26] INFO admin/admin.c Received admin command listclients on mount "/stream.mp3"
[2021-08-02  17:14:36] INFO admin/admin.c Received admin command listclients on mount "/stream.mp3"
[2021-08-02  17:14:46] INFO admin/admin.c Received admin command listclients on mount "/stream.mp3"
[2021-08-02  17:14:56] INFO admin/admin.c Received admin command listclients on mount "/stream.mp3"
[2021-08-02  17:15:06] INFO admin/admin.c Received admin command listclients on mount "/stream.mp3"
[2021-08-02  17:15:16] INFO admin/admin.c Received admin command listclients on mount "/stream.mp3"
[2021-08-02  17:15:26] INFO admin/admin.c Received admin command listclients on mount "/stream.mp3"
[2021-08-02  17:15:36] INFO admin/admin.c Received admin command listclients on mount "/stream.mp3"
[2021-08-02  17:15:46] INFO admin/admin.c Received admin command listclients on mount "/stream.mp3"
[2021-08-02  17:15:56] INFO admin/admin.c Received admin command listclients on mount "/stream.mp3"
[2021-08-02  17:16:06] INFO admin/admin.c Received admin command listclients on mount "/stream.mp3"
[2021-08-02  17:16:16] INFO admin/admin.c Received admin command listclients on mount "/stream.mp3"
[2021-08-02  17:16:26] INFO admin/admin.c Received admin command listclients on mount "/stream.mp3"
[2021-08-02  17:16:36] INFO admin/admin.c Received admin command listclients on mount "/stream.mp3"
[2021-08-02  17:16:46] INFO admin/admin.c Received admin command listclients on mount "/stream.mp3"
[2021-08-02  17:16:56] INFO admin/admin.c Received admin command listclients on mount "/stream.mp3"
[2021-08-02  17:17:06] INFO admin/admin.c Received admin command listclients on mount "/stream.mp3"
[2021-08-02  17:17:16] INFO admin/admin.c Received admin command listclients on mount "/stream.mp3"
[2021-08-02  17:17:26] INFO admin/admin.c Received admin command listclients on mount "/stream.mp3"
[2021-08-02  17:17:36] INFO admin/admin.c Received admin command listclients on mount "/stream.mp3"
[2021-08-02  17:17:46] INFO admin/admin.c Received admin command listclients on mount "/stream.mp3"
[2021-08-02  17:17:56] INFO admin/admin.c Received admin command listclients on mount "/stream.mp3"
[2021-08-02  17:18:07] INFO admin/admin.c Received admin command listclients on mount "/stream.mp3"
[2021-08-02  17:18:17] INFO admin/admin.c Received admin command listclients on mount "/stream.mp3"
[2021-08-02  17:18:27] INFO admin/admin.c Received admin command listclients on mount "/stream.mp3"
[2021-08-02  17:18:37] INFO admin/admin.c Received admin command listclients on mount "/stream.mp3"
[2021-08-02  17:18:47] INFO admin/admin.c Received admin command listclients on mount "/stream.mp3"
[2021-08-02  17:18:57] INFO admin/admin.c Received admin command listclients on mount "/stream.mp3"
[2021-08-02  17:19:07] INFO admin/admin.c Received admin command listclients on mount "/stream.mp3"
[2021-08-02  17:19:17] INFO admin/admin.c Received admin command listclients on mount "/stream.mp3"
[2021-08-02  17:19:27] INFO admin/admin.c Received admin command listclients on mount "/stream.mp3"
[2021-08-02  17:19:37] INFO admin/admin.c Received admin command listclients on mount "/stream.mp3"
[2021-08-02  17:19:47] INFO admin/admin.c Received admin command listclients on mount "/stream.mp3"
[2021-08-02  17:19:57] INFO admin/admin.c Received admin command listclients on mount "/stream.mp3"
[2021-08-02  17:20:07] INFO admin/admin.c Received admin command listclients on mount "/stream.mp3"
[2021-08-02  17:20:17] INFO admin/admin.c Received admin command listclients on mount "/stream.mp3"
[2021-08-02  17:20:27] INFO admin/admin.c Received admin command listclients on mount "/stream.mp3"
[2021-08-02  17:20:37] INFO admin/admin.c Received admin command listclients on mount "/stream.mp3"
[2021-08-02  17:20:47] INFO admin/admin.c Received admin command listclients on mount "/stream.mp3"
[2021-08-02  17:20:57] INFO admin/admin.c Received admin command listclients on mount "/stream.mp3"
[2021-08-02  17:21:07] INFO admin/admin.c Received admin command listclients on mount "/stream.mp3"
[2021-08-02  17:21:17] INFO admin/admin.c Received admin command listclients on mount "/stream.mp3"
[2021-08-02  17:21:27] INFO admin/admin.c Received admin command listclients on mount "/stream.mp3"
[2021-08-02  17:21:37] INFO admin/admin.c Received admin command listclients on mount "/stream.mp3"
[2021-08-02  17:21:47] INFO admin/admin.c Received admin command listclients on mount "/stream.mp3"
[2021-08-02  17:21:57] INFO admin/admin.c Received admin command listclients on mount "/stream.mp3"
[2021-08-02  17:22:07] INFO admin/admin.c Received admin command listclients on mount "/stream.mp3"
[2021-08-02  17:22:17] INFO admin/admin.c Received admin command listclients on mount "/stream.mp3"
[2021-08-02  17:22:27] INFO admin/admin.c Received admin command listclients on mount "/stream.mp3"
[2021-08-02  17:22:37] INFO admin/admin.c Received admin command listclients on mount "/stream.mp3"
[2021-08-02  17:22:47] INFO admin/admin.c Received admin command listclients on mount "/stream.mp3"
[2021-08-02  17:22:57] INFO admin/admin.c Received admin command listclients on mount "/stream.mp3"
[2021-08-02  17:23:07] INFO admin/admin.c Received admin command listclients on mount "/stream.mp3"
[2021-08-02  17:23:17] INFO admin/admin.c Received admin command listclients on mount "/stream.mp3"
[2021-08-02  17:23:27] INFO admin/admin.c Received admin command listclients on mount "/stream.mp3"
[2021-08-02  17:23:37] INFO admin/admin.c Received admin command listclients on mount "/stream.mp3"
[2021-08-02  17:23:47] INFO admin/admin.c Received admin command listclients on mount "/stream.mp3"
[2021-08-02  17:23:57] INFO admin/admin.c Received admin command listclients on mount "/stream.mp3"
[2021-08-02  17:24:07] INFO admin/admin.c Received admin command listclients on mount "/stream.mp3"
[2021-08-02  17:24:17] INFO admin/admin.c Received admin command listclients on mount "/stream.mp3"
[2021-08-02  17:24:27] INFO admin/admin.c Received admin command listclients on mount "/stream.mp3"
[2021-08-02  17:24:37] INFO admin/admin.c Received admin command listclients on mount "/stream.mp3"
[2021-08-02  17:24:47] INFO admin/admin.c Received admin command listclients on mount "/stream.mp3"
[2021-08-02  17:24:57] INFO admin/admin.c Received admin command listclients on mount "/stream.mp3"
[2021-08-02  17:25:07] INFO admin/admin.c Received admin command listclients on mount "/stream.mp3"
[2021-08-02  17:25:17] INFO admin/admin.c Received admin command listclients on mount "/stream.mp3"
[2021-08-02  17:25:27] INFO admin/admin.c Received admin command listclients on mount "/stream.mp3"
[2021-08-02  17:25:37] INFO admin/admin.c Received admin command listclients on mount "/stream.mp3"
[2021-08-02  17:25:47] INFO admin/admin.c Received admin command listclients on mount "/stream.mp3"
[2021-08-02  17:25:57] INFO admin/admin.c Received admin command listclients on mount "/stream.mp3"
[2021-08-02  17:26:07] INFO admin/admin.c Received admin command listclients on mount "/stream.mp3"
[2021-08-02  17:26:17] INFO admin/admin.c Received admin command listclients on mount "/stream.mp3"
[2021-08-02  17:26:27] INFO admin/admin.c Received admin command listclients on mount "/stream.mp3"
[2021-08-02  17:26:37] INFO admin/admin.c Received admin command listclients on mount "/stream.mp3"
[2021-08-02  17:26:47] INFO admin/admin.c Received admin command listclients on mount "/stream.mp3"
[2021-08-02  17:26:57] INFO admin/admin.c Received admin command listclients on mount "/stream.mp3"
[2021-08-02  17:27:07] INFO admin/admin.c Received admin command listclients on mount "/stream.mp3"
[2021-08-02  17:27:17] INFO admin/admin.c Received admin command listclients on mount "/stream.mp3"
[2021-08-02  17:27:27] INFO admin/admin.c Received admin command listclients on mount "/stream.mp3"
[2021-08-02  17:27:37] INFO admin/admin.c Received admin command listclients on mount "/stream.mp3"
[2021-08-02  17:27:47] INFO admin/admin.c Received admin command listclients on mount "/stream.mp3"
[2021-08-02  17:27:57] INFO admin/admin.c Received admin command listclients on mount "/stream.mp3"
[2021-08-02  17:28:07] INFO admin/admin.c Received admin command listclients on mount "/stream.mp3"
[2021-08-02  17:28:17] INFO admin/admin.c Received admin command listclients on mount "/stream.mp3"
[2021-08-02  17:28:27] INFO admin/admin.c Received admin command listclients on mount "/stream.mp3"
[2021-08-02  17:28:37] INFO admin/admin.c Received admin command listclients on mount "/stream.mp3"
[2021-08-02  17:28:47] INFO admin/admin.c Received admin command listclients on mount "/stream.mp3"
[2021-08-02  17:28:57] INFO admin/admin.c Received admin command listclients on mount "/stream.mp3"
[2021-08-02  17:29:07] INFO admin/admin.c Received admin command listclients on mount "/stream.mp3"
[2021-08-02  17:29:17] INFO admin/admin.c Received admin command listclients on mount "/stream.mp3"
[2021-08-02  17:29:27] INFO admin/admin.c Received admin command listclients on mount "/stream.mp3"
[2021-08-02  17:29:37] INFO admin/admin.c Received admin command listclients on mount "/stream.mp3"
[2021-08-02  17:29:47] INFO admin/admin.c Received admin command listclients on mount "/stream.mp3"
[2021-08-02  17:29:57] INFO admin/admin.c Received admin command listclients on mount "/stream.mp3"
[2021-08-02  17:30:07] INFO admin/admin.c Received admin command listclients on mount "/stream.mp3"
[2021-08-02  17:30:17] INFO admin/admin.c Received admin command listclients on mount "/stream.mp3"
[2021-08-02  17:30:27] INFO admin/admin.c Received admin command listclients on mount "/stream.mp3"
[2021-08-02  17:30:37] INFO admin/admin.c Received admin command listclients on mount "/stream.mp3"
[2021-08-02  17:30:47] INFO admin/admin.c Received admin command listclients on mount "/stream.mp3"
[2021-08-02  17:30:57] INFO admin/admin.c Received admin command listclients on mount "/stream.mp3"
[2021-08-02  17:31:07] INFO admin/admin.c Received admin command listclients on mount "/stream.mp3"
[2021-08-02  17:31:17] INFO admin/admin.c Received admin command listclients on mount "/stream.mp3"
[2021-08-02  17:31:27] INFO admin/admin.c Received admin command listclients on mount "/stream.mp3"
[2021-08-02  17:31:37] INFO admin/admin.c Received admin command listclients on mount "/stream.mp3"
[2021-08-02  17:31:47] INFO admin/admin.c Received admin command listclients on mount "/stream.mp3"
[2021-08-02  17:31:57] INFO admin/admin.c Received admin command listclients on mount "/stream.mp3"
[2021-08-02  17:32:07] INFO admin/admin.c Received admin command listclients on mount "/stream.mp3"
[2021-08-02  17:32:17] INFO admin/admin.c Received admin command listclients on mount "/stream.mp3"
[2021-08-02  17:32:27] INFO admin/admin.c Received admin command listclients on mount "/stream.mp3"
[2021-08-02  17:32:37] INFO admin/admin.c Received admin command listclients on mount "/stream.mp3"
[2021-08-02  17:32:47] INFO admin/admin.c Received admin command listclients on mount "/stream.mp3"
[2021-08-02  17:32:57] INFO admin/admin.c Received admin command listclients on mount "/stream.mp3"
[2021-08-02  17:33:07] INFO admin/admin.c Received admin command listclients on mount "/stream.mp3"
[2021-08-02  17:33:17] INFO admin/admin.c Received admin command listclients on mount "/stream.mp3"
[2021-08-02  17:33:27] INFO admin/admin.c Received admin command listclients on mount "/stream.mp3"
[2021-08-02  17:33:37] INFO admin/admin.c Received admin command listclients on mount "/stream.mp3"
[2021-08-02  17:33:47] INFO admin/admin.c Received admin command listclients on mount "/stream.mp3"
[2021-08-02  17:33:57] INFO admin/admin.c Received admin command listclients on mount "/stream.mp3"
[2021-08-02  17:34:07] INFO admin/admin.c Received admin command listclients on mount "/stream.mp3"
[2021-08-02  17:34:17] INFO admin/admin.c Received admin command listclients on mount "/stream.mp3"
[2021-08-02  17:34:27] INFO admin/admin.c Received admin command listclients on mount "/stream.mp3"
[2021-08-02  17:34:37] INFO admin/admin.c Received admin command listclients on mount "/stream.mp3"
[2021-08-02  17:34:47] INFO admin/admin.c Received admin command listclients on mount "/stream.mp3"
[2021-08-02  17:34:57] INFO admin/admin.c Received admin command listclients on mount "/stream.mp3"
[2021-08-02  17:35:07] INFO admin/admin.c Received admin command listclients on mount "/stream.mp3"
[2021-08-02  17:35:18] INFO admin/admin.c Received admin command listclients on mount "/stream.mp3"
[2021-08-02  17:35:28] INFO admin/admin.c Received admin command listclients on mount "/stream.mp3"
[2021-08-02  17:35:38] INFO admin/admin.c Received admin command listclients on mount "/stream.mp3"
[2021-08-02  17:35:48] INFO admin/admin.c Received admin command listclients on mount "/stream.mp3"
[2021-08-02  17:35:58] INFO admin/admin.c Received admin command listclients on mount "/stream.mp3"
[2021-08-02  17:36:08] INFO admin/admin.c Received admin command listclients on mount "/stream.mp3"
[2021-08-02  17:36:18] INFO admin/admin.c Received admin command listclients on mount "/stream.mp3"
[2021-08-02  17:36:28] INFO admin/admin.c Received admin command listclients on mount "/stream.mp3"
[2021-08-02  17:36:38] INFO admin/admin.c Received admin command listclients on mount "/stream.mp3"
[2021-08-02  17:36:48] INFO admin/admin.c Received admin command listclients on mount "/stream.mp3"
[2021-08-02  17:36:58] INFO admin/admin.c Received admin command listclients on mount "/stream.mp3"
[2021-08-02  17:37:08] INFO admin/admin.c Received admin command listclients on mount "/stream.mp3"
[2021-08-02  17:37:18] INFO admin/admin.c Received admin command listclients on mount "/stream.mp3"
[2021-08-02  17:37:28] INFO admin/admin.c Received admin command listclients on mount "/stream.mp3"
[2021-08-02  17:37:38] INFO admin/admin.c Received admin command listclients on mount "/stream.mp3"
[2021-08-02  17:37:48] INFO admin/admin.c Received admin command listclients on mount "/stream.mp3"
[2021-08-02  17:37:58] INFO admin/admin.c Received admin command listclients on mount "/stream.mp3"
[2021-08-02  17:38:08] INFO admin/admin.c Received admin command listclients on mount "/stream.mp3"
[2021-08-02  17:38:18] INFO admin/admin.c Received admin command listclients on mount "/stream.mp3"
[2021-08-02  17:38:28] INFO admin/admin.c Received admin command listclients on mount "/stream.mp3"
[2021-08-02  17:38:38] INFO admin/admin.c Received admin command listclients on mount "/stream.mp3"
[2021-08-02  17:38:48] INFO admin/admin.c Received admin command listclients on mount "/stream.mp3"
[2021-08-02  17:38:58] INFO admin/admin.c Received admin command listclients on mount "/stream.mp3"
[2021-08-02  17:39:08] INFO admin/admin.c Received admin command listclients on mount "/stream.mp3"
[2021-08-02  17:39:18] INFO admin/admin.c Received admin command listclients on mount "/stream.mp3"
[2021-08-02  17:39:28] INFO admin/admin.c Received admin command listclients on mount "/stream.mp3"
[2021-08-02  17:39:38] INFO admin/admin.c Received admin command listclients on mount "/stream.mp3"
[2021-08-02  17:39:48] INFO admin/admin.c Received admin command listclients on mount "/stream.mp3"
[2021-08-02  17:39:58] INFO admin/admin.c Received admin command listclients on mount "/stream.mp3"
[2021-08-02  17:40:08] INFO admin/admin.c Received admin command listclients on mount "/stream.mp3"
[2021-08-02  17:40:18] INFO admin/admin.c Received admin command listclients on mount "/stream.mp3"
[2021-08-02  17:40:28] INFO admin/admin.c Received admin command listclients on mount "/stream.mp3"
[2021-08-02  17:40:38] INFO admin/admin.c Received admin command listclients on mount "/stream.mp3"
[2021-08-02  17:40:48] INFO admin/admin.c Received admin command listclients on mount "/stream.mp3"
[2021-08-02  17:40:58] INFO admin/admin.c Received admin command listclients on mount "/stream.mp3"
[2021-08-02  17:41:08] INFO admin/admin.c Received admin command listclients on mount "/stream.mp3"
[2021-08-02  17:41:18] INFO admin/admin.c Received admin command listclients on mount "/stream.mp3"
[2021-08-02  17:41:28] INFO admin/admin.c Received admin command listclients on mount "/stream.mp3"
[2021-08-02  17:41:38] INFO admin/admin.c Received admin command listclients on mount "/stream.mp3"
[2021-08-02  17:41:48] INFO admin/admin.c Received admin command listclients on mount "/stream.mp3"
[2021-08-02  17:41:58] INFO admin/admin.c Received admin command listclients on mount "/stream.mp3"
[2021-08-02  17:42:08] INFO admin/admin.c Received admin command listclients on mount "/stream.mp3"
[2021-08-02  17:42:18] INFO admin/admin.c Received admin command listclients on mount "/stream.mp3"
[2021-08-02  17:42:28] INFO admin/admin.c Received admin command listclients on mount "/stream.mp3"
[2021-08-02  17:42:38] INFO admin/admin.c Received admin command listclients on mount "/stream.mp3"
[2021-08-02  17:42:48] INFO admin/admin.c Received admin command listclients on mount "/stream.mp3"
[2021-08-02  17:42:58] INFO admin/admin.c Received admin command listclients on mount "/stream.mp3"
[2021-08-02  17:43:08] INFO admin/admin.c Received admin command listclients on mount "/stream.mp3"
[2021-08-02  17:43:18] INFO admin/admin.c Received admin command listclients on mount "/stream.mp3"
[2021-08-02  17:43:28] INFO admin/admin.c Received admin command listclients on mount "/stream.mp3"
[2021-08-02  17:43:38] INFO admin/admin.c Received admin command listclients on mount "/stream.mp3"
[2021-08-02  17:43:48] INFO admin/admin.c Received admin command listclients on mount "/stream.mp3"
[2021-08-02  17:43:58] INFO admin/admin.c Received admin command listclients on mount "/stream.mp3"
[2021-08-02  17:44:08] INFO admin/admin.c Received admin command listclients on mount "/stream.mp3"
[2021-08-02  17:44:18] INFO admin/admin.c Received admin command listclients on mount "/stream.mp3"
[2021-08-02  17:44:28] INFO admin/admin.c Received admin command listclients on mount "/stream.mp3"
[2021-08-02  17:44:38] INFO admin/admin.c Received admin command listclients on mount "/stream.mp3"
[2021-08-02  17:44:48] INFO admin/admin.c Received admin command listclients on mount "/stream.mp3"
[2021-08-02  17:44:58] INFO admin/admin.c Received admin command listclients on mount "/stream.mp3"
[2021-08-02  17:45:08] INFO admin/admin.c Received admin command listclients on mount "/stream.mp3"
[2021-08-02  17:45:18] INFO admin/admin.c Received admin command listclients on mount "/stream.mp3"
[2021-08-02  17:45:29] INFO admin/admin.c Received admin command listclients on mount "/stream.mp3"
[2021-08-02  17:45:39] INFO admin/admin.c Received admin command listclients on mount "/stream.mp3"
[2021-08-02  17:45:49] INFO admin/admin.c Received admin command listclients on mount "/stream.mp3"
[2021-08-02  17:45:59] INFO admin/admin.c Received admin command listclients on mount "/stream.mp3"
[2021-08-02  17:46:09] INFO admin/admin.c Received admin command listclients on mount "/stream.mp3"
[2021-08-02  17:46:19] INFO admin/admin.c Received admin command listclients on mount "/stream.mp3"
[2021-08-02  17:46:29] INFO admin/admin.c Received admin command listclients on mount "/stream.mp3"
[2021-08-02  17:46:40] INFO admin/admin.c Received admin command listclients on mount "/stream.mp3"
[2021-08-02  17:46:50] INFO admin/admin.c Received admin command listclients on mount "/stream.mp3"
[2021-08-02  17:47:00] INFO admin/admin.c Received admin command listclients on mount "/stream.mp3"
[2021-08-02  17:47:10] INFO admin/admin.c Received admin command listclients on mount "/stream.mp3"
[2021-08-02  17:47:20] INFO admin/admin.c Received admin command listclients on mount "/stream.mp3"
[2021-08-02  17:47:30] INFO admin/admin.c Received admin command listclients on mount "/stream.mp3"
[2021-08-02  17:47:40] INFO admin/admin.c Received admin command listclients on mount "/stream.mp3"
[2021-08-02  17:47:50] INFO admin/admin.c Received admin command listclients on mount "/stream.mp3"
[2021-08-02  17:48:00] INFO admin/admin.c Received admin command listclients on mount "/stream.mp3"
[2021-08-02  17:48:10] INFO admin/admin.c Received admin command listclients on mount "/stream.mp3"
[2021-08-02  17:48:20] INFO admin/admin.c Received admin command listclients on mount "/stream.mp3"
[2021-08-02  17:48:30] INFO admin/admin.c Received admin command listclients on mount "/stream.mp3"
[2021-08-02  17:48:40] INFO admin/admin.c Received admin command listclients on mount "/stream.mp3"
[2021-08-02  17:48:50] INFO admin/admin.c Received admin command listclients on mount "/stream.mp3"
[2021-08-02  17:49:00] INFO admin/admin.c Received admin command listclients on mount "/stream.mp3"
[2021-08-02  17:49:10] INFO admin/admin.c Received admin command listclients on mount "/stream.mp3"
[2021-08-02  17:49:20] INFO admin/admin.c Received admin command listclients on mount "/stream.mp3"
[2021-08-02  17:49:30] INFO admin/admin.c Received admin command listclients on mount "/stream.mp3"
[2021-08-02  17:49:40] INFO admin/admin.c Received admin command listclients on mount "/stream.mp3"
[2021-08-02  17:49:50] INFO admin/admin.c Received admin command listclients on mount "/stream.mp3"
[2021-08-02  17:50:00] INFO admin/admin.c Received admin command listclients on mount "/stream.mp3"
[2021-08-02  17:50:10] INFO admin/admin.c Received admin command listclients on mount "/stream.mp3"
[2021-08-02  17:50:20] INFO admin/admin.c Received admin command listclients on mount "/stream.mp3"
[2021-08-02  17:50:30] INFO admin/admin.c Received admin command listclients on mount "/stream.mp3"
[2021-08-02  17:50:40] INFO admin/admin.c Received admin command listclients on mount "/stream.mp3"
[2021-08-02  17:50:50] INFO admin/admin.c Received admin command listclients on mount "/stream.mp3"
[2021-08-02  17:51:00] INFO admin/admin.c Received admin command listclients on mount "/stream.mp3"
[2021-08-02  17:51:10] INFO admin/admin.c Received admin command listclients on mount "/stream.mp3"
[2021-08-02  17:51:20] INFO admin/admin.c Received admin command listclients on mount "/stream.mp3"
[2021-08-02  17:51:30] INFO admin/admin.c Received admin command listclients on mount "/stream.mp3"
[2021-08-02  17:51:40] INFO admin/admin.c Received admin command listclients on mount "/stream.mp3"
[2021-08-02  17:51:50] INFO admin/admin.c Received admin command listclients on mount "/stream.mp3"
[2021-08-02  17:52:00] INFO admin/admin.c Received admin command listclients on mount "/stream.mp3"
[2021-08-02  17:52:10] INFO admin/admin.c Received admin command listclients on mount "/stream.mp3"
[2021-08-02  17:52:20] INFO admin/admin.c Received admin command listclients on mount "/stream.mp3"
[2021-08-02  17:52:31] INFO admin/admin.c Received admin command listclients on mount "/stream.mp3"
[2021-08-02  17:52:41] INFO admin/admin.c Received admin command listclients on mount "/stream.mp3"
[2021-08-02  17:52:51] INFO admin/admin.c Received admin command listclients on mount "/stream.mp3"
[2021-08-02  17:53:01] INFO admin/admin.c Received admin command listclients on mount "/stream.mp3"
[2021-08-02  17:53:11] INFO admin/admin.c Received admin command listclients on mount "/stream.mp3"
[2021-08-02  17:53:21] INFO admin/admin.c Received admin command listclients on mount "/stream.mp3"
[2021-08-02  17:53:31] INFO admin/admin.c Received admin command listclients on mount "/stream.mp3"
[2021-08-02  17:53:41] INFO admin/admin.c Received admin command listclients on mount "/stream.mp3"
[2021-08-02  17:53:51] INFO admin/admin.c Received admin command listclients on mount "/stream.mp3"
[2021-08-02  17:54:01] INFO admin/admin.c Received admin command listclients on mount "/stream.mp3"
[2021-08-02  17:54:11] INFO admin/admin.c Received admin command listclients on mount "/stream.mp3"
[2021-08-02  17:54:21] INFO admin/admin.c Received admin command listclients on mount "/stream.mp3"
[2021-08-02  17:54:31] INFO admin/admin.c Received admin command listclients on mount "/stream.mp3"
[2021-08-02  17:54:41] INFO admin/admin.c Received admin command listclients on mount "/stream.mp3"
[2021-08-02  17:54:51] INFO admin/admin.c Received admin command listclients on mount "/stream.mp3"
[2021-08-02  17:55:01] INFO admin/admin.c Received admin command listclients on mount "/stream.mp3"
[2021-08-02  17:55:11] INFO admin/admin.c Received admin command listclients on mount "/stream.mp3"
[2021-08-02  17:55:21] INFO admin/admin.c Received admin command listclients on mount "/stream.mp3"
[2021-08-02  17:55:31] INFO admin/admin.c Received admin command listclients on mount "/stream.mp3"
[2021-08-02  17:55:41] INFO admin/admin.c Received admin command listclients on mount "/stream.mp3"
[2021-08-02  17:55:51] INFO admin/admin.c Received admin command listclients on mount "/stream.mp3"
[2021-08-02  17:56:01] INFO admin/admin.c Received admin command listclients on mount "/stream.mp3"
[2021-08-02  17:56:11] INFO admin/admin.c Received admin command listclients on mount "/stream.mp3"
[2021-08-02  17:56:21] INFO admin/admin.c Received admin command listclients on mount "/stream.mp3"
[2021-08-02  17:56:31] INFO admin/admin.c Received admin command listclients on mount "/stream.mp3"
[2021-08-02  17:56:41] INFO admin/admin.c Received admin command listclients on mount "/stream.mp3"
[2021-08-02  17:56:51] INFO admin/admin.c Received admin command listclients on mount "/stream.mp3"
[2021-08-02  17:57:01] INFO admin/admin.c Received admin command listclients on mount "/stream.mp3"
[2021-08-02  17:57:11] INFO admin/admin.c Received admin command listclients on mount "/stream.mp3"
[2021-08-02  17:57:21] INFO admin/admin.c Received admin command listclients on mount "/stream.mp3"
[2021-08-02  17:57:31] INFO admin/admin.c Received admin command listclients on mount "/stream.mp3"
[2021-08-02  17:57:41] INFO admin/admin.c Received admin command listclients on mount "/stream.mp3"
[2021-08-02  17:57:51] INFO admin/admin.c Received admin command listclients on mount "/stream.mp3"
[2021-08-02  17:58:01] INFO admin/admin.c Received admin command listclients on mount "/stream.mp3"
[2021-08-02  17:58:11] INFO admin/admin.c Received admin command listclients on mount "/stream.mp3"
[2021-08-02  17:58:21] INFO admin/admin.c Received admin command listclients on mount "/stream.mp3"
[2021-08-02  17:58:31] INFO admin/admin.c Received admin command listclients on mount "/stream.mp3"
[2021-08-02  17:58:41] INFO admin/admin.c Received admin command listclients on mount "/stream.mp3"
[2021-08-02  17:58:51] INFO admin/admin.c Received admin command listclients on mount "/stream.mp3"
[2021-08-02  17:59:01] INFO admin/admin.c Received admin command listclients on mount "/stream.mp3"
[2021-08-02  17:59:11] INFO admin/admin.c Received admin command listclients on mount "/stream.mp3"
[2021-08-02  17:59:21] INFO admin/admin.c Received admin command listclients on mount "/stream.mp3"
[2021-08-02  17:59:31] INFO admin/admin.c Received admin command listclients on mount "/stream.mp3"
[2021-08-02  17:59:41] INFO admin/admin.c Received admin command listclients on mount "/stream.mp3"
[2021-08-02  17:59:51] INFO admin/admin.c Received admin command listclients on mount "/stream.mp3"
[2021-08-02  18:00:01] INFO admin/admin.c Received admin command listclients on mount "/stream.mp3"
[2021-08-02  18:00:11] INFO admin/admin.c Received admin command listclients on mount "/stream.mp3"
[2021-08-02  18:00:21] INFO admin/admin.c Received admin command listclients on mount "/stream.mp3"
[2021-08-02  18:00:31] INFO admin/admin.c Received admin command listclients on mount "/stream.mp3"
[2021-08-02  18:00:41] INFO admin/admin.c Received admin command listclients on mount "/stream.mp3"
[2021-08-02  18:00:51] INFO admin/admin.c Received admin command listclients on mount "/stream.mp3"
[2021-08-02  18:01:01] INFO admin/admin.c Received admin command listclients on mount "/stream.mp3"
[2021-08-02  18:01:11] INFO admin/admin.c Received admin command listclients on mount "/stream.mp3"
[2021-08-02  18:01:21] INFO admin/admin.c Received admin command listclients on mount "/stream.mp3"
[2021-08-02  18:01:31] INFO admin/admin.c Received admin command listclients on mount "/stream.mp3"
[2021-08-02  18:01:41] INFO admin/admin.c Received admin command listclients on mount "/stream.mp3"
[2021-08-02  18:01:51] INFO admin/admin.c Received admin command listclients on mount "/stream.mp3"
[2021-08-02  18:02:01] INFO admin/admin.c Received admin command listclients on mount "/stream.mp3"
[2021-08-02  18:02:11] INFO admin/admin.c Received admin command listclients on mount "/stream.mp3"
[2021-08-02  18:02:21] INFO admin/admin.c Received admin command listclients on mount "/stream.mp3"
[2021-08-02  18:02:31] INFO admin/admin.c Received admin command listclients on mount "/stream.mp3"
[2021-08-02  18:02:41] INFO admin/admin.c Received admin command listclients on mount "/stream.mp3"
[2021-08-02  18:02:51] INFO admin/admin.c Received admin command listclients on mount "/stream.mp3"
[2021-08-02  18:03:01] INFO admin/admin.c Received admin command listclients on mount "/stream.mp3"
[2021-08-02  18:03:11] INFO admin/admin.c Received admin command listclients on mount "/stream.mp3"
[2021-08-02  18:03:21] INFO admin/admin.c Received admin command listclients on mount "/stream.mp3"
[2021-08-02  18:03:31] INFO admin/admin.c Received admin command listclients on mount "/stream.mp3"
[2021-08-02  18:03:41] INFO admin/admin.c Received admin command listclients on mount "/stream.mp3"
[2021-08-02  18:03:51] INFO admin/admin.c Received admin command listclients on mount "/stream.mp3"
[2021-08-02  18:04:01] INFO admin/admin.c Received admin command listclients on mount "/stream.mp3"
[2021-08-02  18:04:11] INFO admin/admin.c Received admin command listclients on mount "/stream.mp3"
[2021-08-02  18:04:21] INFO admin/admin.c Received admin command listclients on mount "/stream.mp3"
[2021-08-02  18:04:31] INFO admin/admin.c Received admin command listclients on mount "/stream.mp3"
[2021-08-02  18:04:41] INFO admin/admin.c Received admin command listclients on mount "/stream.mp3"
[2021-08-02  18:04:51] INFO admin/admin.c Received admin command listclients on mount "/stream.mp3"
[2021-08-02  18:05:01] INFO admin/admin.c Received admin command listclients on mount "/stream.mp3"
[2021-08-02  18:05:11] INFO admin/admin.c Received admin command listclients on mount "/stream.mp3"
[2021-08-02  18:05:21] INFO admin/admin.c Received admin command listclients on mount "/stream.mp3"
[2021-08-02  18:05:31] INFO admin/admin.c Received admin command listclients on mount "/stream.mp3"
[2021-08-02  18:05:42] INFO admin/admin.c Received admin command listclients on mount "/stream.mp3"
[2021-08-02  18:05:52] INFO admin/admin.c Received admin command listclients on mount "/stream.mp3"
[2021-08-02  18:06:02] INFO admin/admin.c Received admin command listclients on mount "/stream.mp3"
[2021-08-02  18:06:12] INFO admin/admin.c Received admin command listclients on mount "/stream.mp3"
[2021-08-02  18:06:22] INFO admin/admin.c Received admin command listclients on mount "/stream.mp3"
[2021-08-02  18:06:32] INFO admin/admin.c Received admin command listclients on mount "/stream.mp3"
[2021-08-02  18:06:42] INFO admin/admin.c Received admin command listclients on mount "/stream.mp3"
[2021-08-02  18:06:52] INFO admin/admin.c Received admin command listclients on mount "/stream.mp3"
[2021-08-02  18:07:02] INFO admin/admin.c Received admin command listclients on mount "/stream.mp3"
[2021-08-02  18:07:12] INFO admin/admin.c Received admin command listclients on mount "/stream.mp3"
[2021-08-02  18:07:22] INFO admin/admin.c Received admin command listclients on mount "/stream.mp3"
[2021-08-02  18:07:32] INFO admin/admin.c Received admin command listclients on mount "/stream.mp3"
[2021-08-02  18:07:42] INFO admin/admin.c Received admin command listclients on mount "/stream.mp3"
[2021-08-02  18:07:52] INFO admin/admin.c Received admin command listclients on mount "/stream.mp3"
[2021-08-02  18:08:02] INFO admin/admin.c Received admin command listclients on mount "/stream.mp3"
[2021-08-02  18:08:12] INFO admin/admin.c Received admin command listclients on mount "/stream.mp3"
[2021-08-02  18:08:22] INFO admin/admin.c Received admin command listclients on mount "/stream.mp3"
[2021-08-02  18:08:32] INFO admin/admin.c Received admin command listclients on mount "/stream.mp3"
[2021-08-02  18:08:42] INFO admin/admin.c Received admin command listclients on mount "/stream.mp3"
[2021-08-02  18:08:52] INFO admin/admin.c Received admin command listclients on mount "/stream.mp3"
[2021-08-02  18:09:02] INFO admin/admin.c Received admin command listclients on mount "/stream.mp3"
[2021-08-02  18:09:12] INFO admin/admin.c Received admin command listclients on mount "/stream.mp3"
[2021-08-02  18:09:22] INFO admin/admin.c Received admin command listclients on mount "/stream.mp3"
[2021-08-02  18:09:32] INFO admin/admin.c Received admin command listclients on mount "/stream.mp3"
[2021-08-02  18:09:42] INFO admin/admin.c Received admin command listclients on mount "/stream.mp3"
[2021-08-02  18:09:52] INFO admin/admin.c Received admin command listclients on mount "/stream.mp3"
[2021-08-02  18:10:02] INFO admin/admin.c Received admin command listclients on mount "/stream.mp3"
[2021-08-02  18:10:12] INFO admin/admin.c Received admin command listclients on mount "/stream.mp3"
[2021-08-02  18:10:22] INFO admin/admin.c Received admin command listclients on mount "/stream.mp3"
[2021-08-02  18:10:32] INFO admin/admin.c Received admin command listclients on mount "/stream.mp3"
[2021-08-02  18:10:42] INFO admin/admin.c Received admin command listclients on mount "/stream.mp3"
[2021-08-02  18:10:52] INFO admin/admin.c Received admin command listclients on mount "/stream.mp3"
[2021-08-02  18:11:02] INFO admin/admin.c Received admin command listclients on mount "/stream.mp3"
[2021-08-02  18:11:12] INFO admin/admin.c Received admin command listclients on mount "/stream.mp3"
[2021-08-02  18:11:22] INFO admin/admin.c Received admin command listclients on mount "/stream.mp3"
[2021-08-02  18:11:32] INFO admin/admin.c Received admin command listclients on mount "/stream.mp3"
[2021-08-02  18:11:42] INFO admin/admin.c Received admin command listclients on mount "/stream.mp3"
[2021-08-02  18:11:52] INFO admin/admin.c Received admin command listclients on mount "/stream.mp3"
[2021-08-02  18:12:02] INFO admin/admin.c Received admin command listclients on mount "/stream.mp3"
[2021-08-02  18:12:12] INFO admin/admin.c Received admin command listclients on mount "/stream.mp3"
[2021-08-02  18:12:22] INFO admin/admin.c Received admin command listclients on mount "/stream.mp3"
[2021-08-02  18:12:32] INFO admin/admin.c Received admin command listclients on mount "/stream.mp3"
[2021-08-02  18:12:42] INFO admin/admin.c Received admin command listclients on mount "/stream.mp3"
[2021-08-02  18:12:52] INFO admin/admin.c Received admin command listclients on mount "/stream.mp3"
[2021-08-02  18:13:02] INFO admin/admin.c Received admin command listclients on mount "/stream.mp3"
[2021-08-02  18:13:12] INFO admin/admin.c Received admin command listclients on mount "/stream.mp3"
[2021-08-02  18:13:22] INFO admin/admin.c Received admin command listclients on mount "/stream.mp3"
[2021-08-02  18:13:32] INFO admin/admin.c Received admin command listclients on mount "/stream.mp3"
[2021-08-02  18:13:42] INFO admin/admin.c Received admin command listclients on mount "/stream.mp3"
[2021-08-02  18:13:52] INFO admin/admin.c Received admin command listclients on mount "/stream.mp3"
[2021-08-02  18:14:02] INFO admin/admin.c Received admin command listclients on mount "/stream.mp3"
[2021-08-02  18:14:12] INFO admin/admin.c Received admin command listclients on mount "/stream.mp3"
[2021-08-02  18:14:22] INFO admin/admin.c Received admin command listclients on mount "/stream.mp3"
[2021-08-02  18:14:32] INFO admin/admin.c Received admin command listclients on mount "/stream.mp3"
[2021-08-02  18:14:42] INFO admin/admin.c Received admin command listclients on mount "/stream.mp3"
[2021-08-02  18:14:52] INFO admin/admin.c Received admin command listclients on mount "/stream.mp3"
[2021-08-02  18:15:02] INFO admin/admin.c Received admin command listclients on mount "/stream.mp3"
[2021-08-02  18:15:12] INFO admin/admin.c Received admin command listclients on mount "/stream.mp3"
[2021-08-02  18:15:22] INFO admin/admin.c Received admin command listclients on mount "/stream.mp3"
[2021-08-02  18:15:32] INFO admin/admin.c Received admin command listclients on mount "/stream.mp3"
[2021-08-02  18:15:42] INFO admin/admin.c Received admin command listclients on mount "/stream.mp3"
[2021-08-02  18:15:52] INFO admin/admin.c Received admin command listclients on mount "/stream.mp3"
[2021-08-02  18:16:02] INFO admin/admin.c Received admin command listclients on mount "/stream.mp3"
[2021-08-02  18:16:12] INFO admin/admin.c Received admin command listclients on mount "/stream.mp3"
[2021-08-02  18:16:22] INFO admin/admin.c Received admin command listclients on mount "/stream.mp3"
[2021-08-02  18:16:32] INFO admin/admin.c Received admin command listclients on mount "/stream.mp3"
[2021-08-02  18:16:42] INFO admin/admin.c Received admin command listclients on mount "/stream.mp3"
[2021-08-02  18:16:52] INFO admin/admin.c Received admin command listclients on mount "/stream.mp3"
[2021-08-02  18:17:02] INFO admin/admin.c Received admin command listclients on mount "/stream.mp3"
[2021-08-02  18:17:12] INFO admin/admin.c Received admin command listclients on mount "/stream.mp3"
[2021-08-02  18:17:22] INFO admin/admin.c Received admin command listclients on mount "/stream.mp3"
[2021-08-02  18:17:32] INFO admin/admin.c Received admin command listclients on mount "/stream.mp3"
[2021-08-02  18:17:42] INFO admin/admin.c Received admin command listclients on mount "/stream.mp3"
[2021-08-02  18:17:52] INFO admin/admin.c Received admin command listclients on mount "/stream.mp3"
[2021-08-02  18:18:02] INFO admin/admin.c Received admin command listclients on mount "/stream.mp3"
[2021-08-02  18:18:12] INFO admin/admin.c Received admin command listclients on mount "/stream.mp3"
[2021-08-02  18:18:22] INFO admin/admin.c Received admin command listclients on mount "/stream.mp3"
[2021-08-02  18:18:32] INFO admin/admin.c Received admin command listclients on mount "/stream.mp3"
[2021-08-02  18:18:42] INFO admin/admin.c Received admin command listclients on mount "/stream.mp3"
[2021-08-02  18:18:52] INFO admin/admin.c Received admin command listclients on mount "/stream.mp3"
[2021-08-02  18:19:02] INFO admin/admin.c Received admin command listclients on mount "/stream.mp3"
[2021-08-02  18:19:12] INFO admin/admin.c Received admin command listclients on mount "/stream.mp3"
[2021-08-02  18:19:22] INFO admin/admin.c Received admin command listclients on mount "/stream.mp3"
[2021-08-02  18:19:32] INFO admin/admin.c Received admin command listclients on mount "/stream.mp3"
[2021-08-02  18:19:42] INFO admin/admin.c Received admin command listclients on mount "/stream.mp3"
[2021-08-02  18:19:52] INFO admin/admin.c Received admin command listclients on mount "/stream.mp3"
[2021-08-02  18:20:02] INFO admin/admin.c Received admin command listclients on mount "/stream.mp3"
[2021-08-02  18:20:12] INFO admin/admin.c Received admin command listclients on mount "/stream.mp3"
[2021-08-02  18:20:22] INFO admin/admin.c Received admin command listclients on mount "/stream.mp3"
[2021-08-02  18:20:32] INFO admin/admin.c Received admin command listclients on mount "/stream.mp3"
[2021-08-02  18:20:42] INFO admin/admin.c Received admin command listclients on mount "/stream.mp3"
[2021-08-02  18:20:52] INFO admin/admin.c Received admin command listclients on mount "/stream.mp3"
[2021-08-02  18:21:02] INFO admin/admin.c Received admin command listclients on mount "/stream.mp3"
[2021-08-02  18:21:12] INFO admin/admin.c Received admin command listclients on mount "/stream.mp3"
[2021-08-02  18:21:22] INFO admin/admin.c Received admin command listclients on mount "/stream.mp3"
[2021-08-02  18:21:25] INFO source/source.c End of Stream /stream.mp3
[2021-08-02  18:21:25] INFO source/source.c Source from 127.0.0.1 at "/stream.mp3" exiting
[2021-08-02  18:21:25] INFO source/source.c 1 active listeners on /stream.mp3 released
[2021-08-02  18:21:27] INFO fserve/fserve.c checking for file /stream.mp3 (./web/stream.mp3)
[2021-08-02  18:21:27] WARN fserve/fserve.c req for file "./web/stream.mp3" No such file or directory
[2021-11-05  12:13:21] INFO main/main.c Icecast 2.4.4 server started
[2021-11-05  12:13:21] INFO yp/yp.c YP update thread started
[2021-11-05  12:13:22] INFO connection/connection.c No SSL capability on any configured ports
[2021-11-05  12:13:23] INFO slave/slave.c Master accepted streamlist request
[2021-11-05  12:14:00] INFO fserve/fserve.c checking for file /style.css (./web/style.css)
[2021-11-05  12:14:01] INFO fserve/fserve.c checking for file /icecast.png (./web/icecast.png)
[2021-11-05  12:14:01] INFO fserve/fserve.c checking for file /favicon.ico (./web/favicon.ico)
[2021-11-05  12:15:01] INFO connection/connection.c Source logging in at mountpoint "/stream" from 127.0.0.1
[2021-11-05  12:15:01] WARN format/format.c Unsupported or legacy stream type: "audio/mpeg". Falling back to generic minimal handler for best effort.
[2021-11-05  12:15:01] WARN connection/connection.c OS doesn't support case insenestive substring checks...
[2021-11-05  12:15:01] WARN stats/stats.c No charset found for "ISO8859-1"
[2021-11-05  12:15:01] WARN stats/stats.c No charset found for "ISO8859-1"
[2021-11-05  12:15:01] WARN stats/stats.c No charset found for "ISO8859-1"
[2021-11-05  12:15:01] INFO source/source.c listener count on /stream now 0
[2021-11-05  12:16:15] INFO source/source.c listener count on /stream now 1
[2021-11-05  12:16:20] INFO source/source.c listener count on /stream now 0
[2021-11-05  12:16:25] INFO source/source.c End of Stream /stream
[2021-11-05  12:16:25] INFO source/source.c Source from 127.0.0.1 at "/stream" exiting
[2021-11-05  12:16:59] INFO connection/connection.c Source logging in at mountpoint "/stream" from 127.0.0.1
[2021-11-05  12:16:59] WARN format/format.c Unsupported or legacy stream type: "audio/aacp". Falling back to generic minimal handler for best effort.
[2021-11-05  12:16:59] WARN connection/connection.c OS doesn't support case insenestive substring checks...
[2021-11-05  12:16:59] WARN stats/stats.c No charset found for "ISO8859-1"
[2021-11-05  12:16:59] WARN stats/stats.c No charset found for "ISO8859-1"
[2021-11-05  12:16:59] WARN stats/stats.c No charset found for "ISO8859-1"
[2021-11-05  12:17:00] INFO source/source.c listener count on /stream now 0
[2021-11-05  12:17:04] INFO source/source.c listener count on /stream now 1
[2021-11-05  12:17:22] INFO source/source.c listener count on /stream now 0
[2021-11-05  12:17:30] INFO source/source.c End of Stream /stream
[2021-11-05  12:17:30] INFO source/source.c Source from 127.0.0.1 at "/stream" exiting
[2021-11-05  12:20:25] INFO main/main.c Icecast 2.4.4 server started
[2021-11-05  12:20:25] INFO stats/stats.c stats thread started
[2021-11-05  12:20:25] INFO yp/yp.c YP update thread started
[2021-11-05  12:20:26] INFO connection/connection.c No SSL capability on any configured ports
[2021-11-05  12:20:27] INFO fserve/fserve.c checking for file /style.css (./web/style.css)
[2021-11-05  12:20:27] INFO slave/slave.c Master accepted streamlist request
[2021-11-05  12:20:27] INFO fserve/fserve.c checking for file /icecast.png (./web/icecast.png)
[2021-11-05  12:20:27] INFO fserve/fserve.c checking for file /favicon.ico (./web/favicon.ico)
[2021-11-05  12:20:39] INFO fserve/fserve.c checking for file /style.css (./web/style.css)
[2021-11-05  12:20:39] INFO fserve/fserve.c checking for file /icecast.png (./web/icecast.png)
[2021-11-05  12:20:40] INFO fserve/fserve.c checking for file /favicon.ico (./web/favicon.ico)
[2021-11-05  12:20:53] INFO connection/connection.c Source logging in at mountpoint "/stream" from 127.0.0.1
[2021-11-05  12:20:53] WARN format/format.c Unsupported or legacy stream type: "audio/aacp". Falling back to generic minimal handler for best effort.
[2021-11-05  12:20:53] WARN connection/connection.c OS doesn't support case insenestive substring checks...
[2021-11-05  12:20:53] WARN stats/stats.c No charset found for "ISO8859-1"
[2021-11-05  12:20:53] WARN stats/stats.c No charset found for "ISO8859-1"
[2021-11-05  12:20:53] WARN stats/stats.c No charset found for "ISO8859-1"
[2021-11-05  12:20:53] INFO source/source.c listener count on /stream now 0
[2021-11-05  12:20:57] INFO fserve/fserve.c checking for file /style.css (./web/style.css)
[2021-11-05  12:20:57] INFO fserve/fserve.c checking for file /icecast.png (./web/icecast.png)
[2021-11-05  12:20:58] INFO fserve/fserve.c checking for file /tunein.png (./web/tunein.png)
[2021-11-05  12:20:58] INFO fserve/fserve.c checking for file /favicon.ico (./web/favicon.ico)
[2021-11-05  12:21:29] INFO source/source.c End of Stream /stream
[2021-11-05  12:21:29] INFO source/source.c Source from 127.0.0.1 at "/stream" exiting
[2021-11-05  12:21:32] INFO fserve/fserve.c checking for file /style.css (./web/style.css)
[2021-11-05  12:21:32] INFO fserve/fserve.c checking for file /icecast.png (./web/icecast.png)
[2021-11-05  12:21:32] INFO fserve/fserve.c checking for file /favicon.ico (./web/favicon.ico)
[2021-11-08  12:25:18] INFO main/main.c Icecast 2.4.4 server started
[2021-11-08  12:25:18] INFO yp/yp.c YP update thread started
[2021-11-08  12:25:19] INFO connection/connection.c No SSL capability on any configured ports
[2021-11-08  12:25:20] INFO slave/slave.c Master accepted streamlist request
[2021-11-09  11:32:51] INFO main/main.c Icecast 2.4.4 server started
[2021-11-09  11:32:51] INFO yp/yp.c YP update thread started
[2021-11-09  11:32:51] INFO connection/connection.c No SSL capability on any configured ports
[2021-11-09  11:32:53] INFO slave/slave.c Master accepted streamlist request
[2021-11-09  11:35:07] INFO connection/connection.c Source logging in at mountpoint "/stream" from 127.0.0.1
[2021-11-09  11:35:07] WARN format/format.c Unsupported or legacy stream type: "audio/aacp". Falling back to generic minimal handler for best effort.
[2021-11-09  11:35:07] WARN connection/connection.c OS doesn't support case insenestive substring checks...
[2021-11-09  11:35:07] WARN stats/stats.c No charset found for "ISO8859-1"
[2021-11-09  11:35:07] WARN stats/stats.c No charset found for "ISO8859-1"
[2021-11-09  11:35:07] WARN stats/stats.c No charset found for "ISO8859-1"
[2021-11-09  11:35:07] INFO source/source.c listener count on /stream now 0
[2021-11-09  11:36:06] INFO fserve/fserve.c checking for file /style.css (./web/style.css)
[2021-11-09  11:36:07] INFO fserve/fserve.c checking for file /tunein.png (./web/tunein.png)
[2021-11-09  11:36:08] INFO fserve/fserve.c checking for file /icecast.png (./web/icecast.png)
[2021-11-09  11:36:08] INFO fserve/fserve.c checking for file /favicon.ico (./web/favicon.ico)
[2021-11-09  11:36:43] INFO source/source.c listener count on /stream now 1
[2021-11-09  11:38:29] INFO fserve/fserve.c checking for file /style.css (./web/style.css)
[2021-11-09  11:38:30] INFO fserve/fserve.c checking for file /icecast.png (./web/icecast.png)
[2021-11-09  11:38:30] INFO fserve/fserve.c checking for file /tunein.png (./web/tunein.png)
[2021-11-09  11:38:32] INFO fserve/fserve.c checking for file /favicon.ico (./web/favicon.ico)
[2021-11-09  11:38:42] INFO source/source.c listener count on /stream now 0
[2021-11-09  12:03:56] INFO source/source.c listener count on /stream now 1
[2021-11-09  12:10:21] INFO source/source.c listener count on /stream now 0
[2021-11-09  12:10:49] INFO source/source.c End of Stream /stream
[2021-11-09  12:10:49] INFO source/source.c Source from 127.0.0.1 at "/stream" exiting
[2023-01-27  17:05:59] INFO main/main.c Icecast 2.4.4 server started
[2023-01-27  17:05:59] INFO yp/yp.c YP update thread started
[2023-01-27  17:05:59] INFO connection/connection.c No SSL capability on any configured ports
[2023-01-27  17:06:01] INFO slave/slave.c Master accepted streamlist request
[2023-01-27  17:06:22] INFO fserve/fserve.c checking for file /style.css (./web/style.css)
[2023-01-27  17:06:23] INFO fserve/fserve.c checking for file /icecast.png (./web/icecast.png)
[2023-01-27  17:06:23] INFO fserve/fserve.c checking for file /favicon.ico (./web/favicon.ico)
[2023-01-27  17:08:05] INFO main/main.c Icecast 2.4.4 server started
[2023-01-27  17:08:05] INFO yp/yp.c YP update thread started
[2023-01-27  17:08:06] INFO connection/connection.c No SSL capability on any configured ports
[2023-01-27  17:08:07] INFO slave/slave.c Master accepted streamlist request
[2023-01-27  17:08:13] INFO fserve/fserve.c checking for file /style.css (./web/style.css)
[2023-01-27  17:08:13] INFO fserve/fserve.c checking for file /icecast.png (./web/icecast.png)
[2023-01-27  17:08:14] INFO fserve/fserve.c checking for file /favicon.ico (./web/favicon.ico)
[2023-01-27  17:08:30] INFO main/main.c Icecast 2.4.4 server started
[2023-01-27  17:08:30] INFO yp/yp.c YP update thread started
[2023-01-27  17:08:30] INFO connection/connection.c No SSL capability on any configured ports
[2023-01-27  17:08:31] INFO slave/slave.c Master accepted streamlist request
[2023-01-27  17:08:34] INFO fserve/fserve.c checking for file /style.css (./web/style.css)
[2023-01-27  17:08:34] INFO fserve/fserve.c checking for file /icecast.png (./web/icecast.png)
[2023-01-27  17:08:34] INFO fserve/fserve.c checking for file /favicon.ico (./web/favicon.ico)
[2023-01-27  17:08:42] INFO fserve/fserve.c checking for file /at40rec (./web/at40rec)
[2023-01-27  17:08:42] WARN fserve/fserve.c req for file "./web/at40rec" No such file or directory
[2023-01-27  17:08:43] INFO fserve/fserve.c checking for file /favicon.ico (./web/favicon.ico)
[2023-01-27  17:08:45] INFO fserve/fserve.c checking for file /style.css (./web/style.css)
[2023-01-27  17:08:45] INFO fserve/fserve.c checking for file /favicon.ico (./web/favicon.ico)
[2023-01-27  17:09:13] INFO main/main.c Icecast 2.4.4 server started
[2023-01-27  17:09:13] INFO stats/stats.c stats thread started
[2023-01-27  17:09:13] INFO yp/yp.c YP update thread started
[2023-01-27  17:09:14] INFO connection/connection.c No SSL capability on any configured ports
[2023-01-27  17:09:14] INFO slave/slave.c Starting relayed source at mountpoint "/at40rec"
[2023-01-27  17:09:14] INFO slave/slave.c connecting to stream.revma.ihrhls.com:443
[2023-01-27  17:09:15] EROR slave/slave.c Header read failed for /at40rec (stream.revma.ihrhls.com:443/zc4802)
[2023-01-27  17:09:16] INFO fserve/fserve.c checking for file /style.css (./web/style.css)
[2023-01-27  17:09:16] INFO fserve/fserve.c checking for file /icecast.png (./web/icecast.png)
[2023-01-27  17:09:16] INFO fserve/fserve.c checking for file /favicon.ico (./web/favicon.ico)
[2023-01-27  17:09:51] INFO main/main.c Icecast 2.4.4 server started
[2023-01-27  17:09:51] INFO yp/yp.c YP update thread started
[2023-01-27  17:09:52] INFO connection/connection.c No SSL capability on any configured ports
[2023-01-27  17:09:52] INFO slave/slave.c Starting relayed source at mountpoint "/at40rec"
[2023-01-27  17:09:52] INFO slave/slave.c connecting to eu9.fastcast4u.com:4380
[2023-01-27  17:09:53] WARN format/format.c Unsupported or legacy stream type: "audio/aacp". Falling back to generic minimal handler for best effort.
[2023-01-27  17:09:53] WARN stats/stats.c No charset found for "ISO8859-1"
[2023-01-27  17:09:53] WARN stats/stats.c No charset found for "ISO8859-1"
[2023-01-27  17:09:53] WARN stats/stats.c No charset found for "ISO8859-1"
[2023-01-27  17:09:53] INFO source/source.c listener count on /at40rec now 0
[2023-01-27  17:09:54] INFO fserve/fserve.c checking for file /style.css (./web/style.css)
[2023-01-27  17:09:54] INFO fserve/fserve.c checking for file /icecast.png (./web/icecast.png)
[2023-01-27  17:09:54] INFO fserve/fserve.c checking for file /tunein.png (./web/tunein.png)
[2023-01-27  17:09:54] INFO fserve/fserve.c checking for file /favicon.ico (./web/favicon.ico)
[2023-01-27  17:11:11] INFO main/main.c Icecast 2.4.4 server started
[2023-01-27  17:11:11] INFO stats/stats.c stats thread started
[2023-01-27  17:11:11] INFO yp/yp.c YP update thread started
[2023-01-27  17:11:12] INFO connection/connection.c No SSL capability on any configured ports
[2023-01-27  17:11:12] INFO slave/slave.c Starting relayed source at mountpoint "/at40rec"
[2023-01-27  17:11:12] INFO slave/slave.c connecting to n17b-e2.revma.ihrhls.com:80
[2023-01-27  17:11:13] INFO slave/slave.c redirect received http://n41b-e2.revma.ihrhls.com/zc4802?rj-ttl=5&rj-tok=AAABhfKH8OoAZM5YaVKEA48aoQ
[2023-01-27  17:11:13] INFO slave/slave.c connecting to n41b-e2.revma.ihrhls.com:80
[2023-01-27  17:11:14] WARN format/format.c Unsupported or legacy stream type: "audio/aac". Falling back to generic minimal handler for best effort.
[2023-01-27  17:11:14] WARN stats/stats.c No charset found for "ISO8859-1"
[2023-01-27  17:11:14] WARN stats/stats.c No charset found for "ISO8859-1"
[2023-01-27  17:11:14] WARN stats/stats.c No charset found for "ISO8859-1"
[2023-01-27  17:11:14] INFO source/source.c listener count on /at40rec now 0
[2023-01-27  17:11:16] INFO fserve/fserve.c checking for file /style.css (./web/style.css)
[2023-01-27  17:11:16] INFO fserve/fserve.c checking for file /icecast.png (./web/icecast.png)
[2023-01-27  17:11:16] INFO fserve/fserve.c checking for file /tunein.png (./web/tunein.png)
[2023-01-27  17:11:16] INFO fserve/fserve.c checking for file /favicon.ico (./web/favicon.ico)
[2023-01-27  17:12:21] INFO source/source.c listener count on /at40rec now 1
[2023-01-27  17:12:22] INFO source/source.c listener count on /at40rec now 0
[2023-01-27  17:12:27] INFO source/source.c listener count on /at40rec now 1
[2023-01-27  17:12:34] INFO source/source.c listener count on /at40rec now 0
[2023-01-27  17:14:30] WARN admin/admin.c Admin command admin.cgi on non-existent source /stream
[2023-01-27  17:14:40] WARN admin/admin.c Admin command admin.cgi on non-existent source /stream
[2023-01-27  17:14:50] WARN admin/admin.c Admin command admin.cgi on non-existent source /stream
[2023-01-27  17:15:00] WARN admin/admin.c Admin command admin.cgi on non-existent source /stream
[2023-01-27  17:15:10] WARN admin/admin.c Admin command admin.cgi on non-existent source /stream
[2023-01-27  17:15:20] WARN admin/admin.c Admin command admin.cgi on non-existent source /stream
[2023-01-27  17:15:30] WARN admin/admin.c Admin command admin.cgi on non-existent source /stream
[2023-01-27  17:17:07] INFO connection/connection.c Source logging in at mountpoint "/stream_rec" from 127.0.0.1
[2023-01-27  17:17:07] WARN format/format.c Unsupported or legacy stream type: "audio/mpeg". Falling back to generic minimal handler for best effort.
[2023-01-27  17:17:07] WARN stats/stats.c No charset found for "ISO8859-1"
[2023-01-27  17:17:07] WARN stats/stats.c No charset found for "ISO8859-1"
[2023-01-27  17:17:07] WARN stats/stats.c No charset found for "ISO8859-1"
[2023-01-27  17:17:07] WARN stats/stats.c No charset found for "ISO8859-1"
[2023-01-27  17:17:08] INFO source/source.c listener count on /stream_rec now 0
[2023-01-27  17:17:09] INFO admin/admin.c Received admin command metadata on mount "/stream_rec"
[2023-01-27  17:17:09] INFO admin/admin.c Metadata on mountpoint /stream_rec changed to "RAUDIOLIVE"
[2023-01-27  17:17:09] WARN stats/stats.c No charset found for "ISO8859-1"
[2023-01-27  17:17:10] INFO admin/admin.c Received admin command listclients on mount "/stream_rec"
[2023-01-27  17:17:20] INFO admin/admin.c Received admin command listclients on mount "/stream_rec"
[2023-01-27  17:17:30] INFO admin/admin.c Received admin command listclients on mount "/stream_rec"
[2023-01-27  17:17:40] INFO admin/admin.c Received admin command listclients on mount "/stream_rec"
[2023-01-27  17:17:50] INFO admin/admin.c Received admin command listclients on mount "/stream_rec"
[2023-01-27  17:18:00] INFO admin/admin.c Received admin command listclients on mount "/stream_rec"
[2023-01-27  17:18:12] INFO main/main.c Icecast 2.4.4 server started
[2023-01-27  17:18:12] INFO yp/yp.c YP update thread started
[2023-01-27  17:18:12] WARN source/source.c unable to open file "./web/live"
[2023-01-27  17:18:12] INFO connection/connection.c No SSL capability on any configured ports
[2023-01-27  17:18:15] INFO connection/connection.c Source logging in at mountpoint "/stream_rec" from 127.0.0.1
[2023-01-27  17:18:15] WARN format/format.c Unsupported or legacy stream type: "audio/mpeg". Falling back to generic minimal handler for best effort.
[2023-01-27  17:18:15] WARN stats/stats.c No charset found for "ISO8859-1"
[2023-01-27  17:18:15] WARN stats/stats.c No charset found for "ISO8859-1"
[2023-01-27  17:18:15] WARN stats/stats.c No charset found for "ISO8859-1"
[2023-01-27  17:18:15] WARN stats/stats.c No charset found for "ISO8859-1"
[2023-01-27  17:18:15] INFO source/source.c listener count on /stream_rec now 0
[2023-01-27  17:18:15] INFO admin/admin.c Received admin command metadata on mount "/stream_rec"
[2023-01-27  17:18:15] INFO admin/admin.c Metadata on mountpoint /stream_rec changed to "RAUDIOLIVE"
[2023-01-27  17:18:15] WARN stats/stats.c No charset found for "ISO8859-1"
[2023-01-27  17:18:15] WARN stats/stats.c No charset found for "ISO8859-1"
[2023-01-27  17:18:15] WARN stats/stats.c No charset found for "ISO8859-1"
[2023-01-27  17:18:15] WARN stats/stats.c No charset found for "ISO8859-1"
[2023-01-27  17:18:15] WARN stats/stats.c No charset found for "ISO8859-1"
[2023-01-27  17:18:15] WARN source/source.c unable to open file "./web/live"
[2023-01-27  17:18:17] INFO fserve/fserve.c checking for file /style.css (./web/style.css)
[2023-01-27  17:18:17] INFO fserve/fserve.c checking for file /icecast.png (./web/icecast.png)
[2023-01-27  17:18:17] INFO fserve/fserve.c checking for file /tunein.png (./web/tunein.png)
[2023-01-27  17:18:17] INFO fserve/fserve.c checking for file /favicon.ico (./web/favicon.ico)
[2023-01-27  17:18:20] INFO admin/admin.c Received admin command listclients on mount "/stream_rec"
[2023-01-27  17:18:30] INFO admin/admin.c Received admin command listclients on mount "/stream_rec"
[2023-01-27  17:18:40] INFO admin/admin.c Received admin command listclients on mount "/stream_rec"
[2023-01-27  17:18:50] INFO admin/admin.c Received admin command listclients on mount "/stream_rec"
[2023-01-27  17:19:00] INFO admin/admin.c Received admin command listclients on mount "/stream_rec"
[2023-01-27  17:19:10] INFO admin/admin.c Received admin command listclients on mount "/stream_rec"
[2023-01-27  17:19:20] INFO admin/admin.c Received admin command listclients on mount "/stream_rec"
[2023-01-27  17:19:26] INFO source/source.c End of Stream /stream_rec
[2023-01-27  17:19:26] INFO source/source.c Source from 127.0.0.1 at "/stream_rec" exiting
[2023-01-27  17:19:26] INFO connection/connection.c Source logging in at mountpoint "/at40rec" from 127.0.0.1
[2023-01-27  17:19:26] WARN format/format.c Unsupported or legacy stream type: "audio/mpeg". Falling back to generic minimal handler for best effort.
[2023-01-27  17:19:26] WARN stats/stats.c No charset found for "ISO8859-1"
[2023-01-27  17:19:26] WARN stats/stats.c No charset found for "ISO8859-1"
[2023-01-27  17:19:26] WARN stats/stats.c No charset found for "ISO8859-1"
[2023-01-27  17:19:27] INFO source/source.c listener count on /at40rec now 0
[2023-01-27  17:19:27] INFO admin/admin.c Received admin command metadata on mount "/at40rec"
[2023-01-27  17:19:27] INFO admin/admin.c Metadata on mountpoint /at40rec changed to "RAUDIOLIVE"
[2023-01-27  17:19:27] WARN stats/stats.c No charset found for "ISO8859-1"
[2023-01-27  17:19:27] WARN source/source.c unable to open file "./web/live"
[2023-01-27  17:19:30] INFO admin/admin.c Received admin command listclients on mount "/at40rec"
[2023-01-27  17:19:30] INFO fserve/fserve.c checking for file /style.css (./web/style.css)
[2023-01-27  17:19:30] INFO fserve/fserve.c checking for file /icecast.png (./web/icecast.png)
[2023-01-27  17:19:31] INFO fserve/fserve.c checking for file /tunein.png (./web/tunein.png)
[2023-01-27  17:19:31] INFO fserve/fserve.c checking for file /favicon.ico (./web/favicon.ico)
[2023-01-27  17:19:40] INFO admin/admin.c Received admin command listclients on mount "/at40rec"
[2023-01-27  17:19:44] INFO source/source.c listener count on /at40rec now 1
[2023-01-27  17:19:50] INFO admin/admin.c Received admin command listclients on mount "/at40rec"
[2023-01-27  17:19:51] INFO source/source.c listener count on /at40rec now 0
[2023-01-27  17:20:00] INFO admin/admin.c Received admin command listclients on mount "/at40rec"
[2023-01-27  17:20:01] INFO fserve/fserve.c checking for file /at40rec.m3u (./web/at40rec.m3u)
[2023-01-27  17:20:10] INFO admin/admin.c Received admin command listclients on mount "/at40rec"
[2023-01-27  17:20:20] INFO admin/admin.c Received admin command listclients on mount "/at40rec"
[2023-01-27  17:20:30] INFO admin/admin.c Received admin command listclients on mount "/at40rec"
[2023-01-27  17:20:40] INFO admin/admin.c Received admin command listclients on mount "/at40rec"
[2023-01-27  17:20:50] INFO admin/admin.c Received admin command listclients on mount "/at40rec"
[2023-01-27  17:21:00] INFO admin/admin.c Received admin command listclients on mount "/at40rec"
[2023-01-27  17:21:05] INFO source/source.c End of Stream /at40rec
[2023-01-27  17:21:05] INFO source/source.c Source from 127.0.0.1 at "/at40rec" exiting
[2023-01-27  17:21:05] WARN source/source.c unable to open file "./web/live"
[2023-04-12  19:36:41] INFO main/main.c Icecast 2.4.4 server started
[2023-04-12  19:36:41] INFO yp/yp.c YP update thread started
[2023-04-12  19:36:41] WARN source/source.c unable to open file "./web/live"
[2023-04-12  19:36:41] INFO connection/connection.c No SSL capability on any configured ports
[2023-04-12  19:36:47] INFO connection/connection.c Source logging in at mountpoint "/stream.mp3" from 127.0.0.1
[2023-04-12  19:36:47] WARN format/format.c Unsupported or legacy stream type: "audio/mpeg". Falling back to generic minimal handler for best effort.
[2023-04-12  19:36:47] WARN stats/stats.c No charset found for "ISO8859-1"
[2023-04-12  19:36:47] WARN stats/stats.c No charset found for "ISO8859-1"
[2023-04-12  19:36:47] WARN stats/stats.c No charset found for "ISO8859-1"
[2023-04-12  19:36:47] WARN source/source.c unable to open file "./web/live"
[2023-04-12  19:36:47] INFO source/source.c listener count on /stream.mp3 now 0
[2023-04-12  19:36:47] INFO admin/admin.c Received admin command listclients on mount "/stream.mp3"
[2023-04-12  19:36:57] INFO admin/admin.c Received admin command listclients on mount "/stream.mp3"
[2023-04-12  19:37:07] INFO admin/admin.c Received admin command listclients on mount "/stream.mp3"
[2023-04-12  19:37:17] INFO admin/admin.c Received admin command listclients on mount "/stream.mp3"
[2023-04-12  19:37:18] INFO source/source.c listener count on /stream.mp3 now 1
[2023-04-12  19:37:18] INFO source/source.c listener count on /stream.mp3 now 0
[2023-04-12  19:37:20] INFO source/source.c listener count on /stream.mp3 now 1
[2023-04-12  19:37:27] INFO admin/admin.c Received admin command listclients on mount "/stream.mp3"
[2023-04-12  19:37:37] INFO admin/admin.c Received admin command listclients on mount "/stream.mp3"
[2023-04-12  19:37:48] INFO admin/admin.c Received admin command listclients on mount "/stream.mp3"
[2023-04-12  19:37:58] INFO admin/admin.c Received admin command listclients on mount "/stream.mp3"
[2023-04-12  19:38:08] INFO admin/admin.c Received admin command listclients on mount "/stream.mp3"
[2023-04-12  19:38:18] INFO admin/admin.c Received admin command listclients on mount "/stream.mp3"
[2023-04-12  19:38:28] INFO admin/admin.c Received admin command listclients on mount "/stream.mp3"
[2023-04-12  19:38:38] INFO admin/admin.c Received admin command listclients on mount "/stream.mp3"
